<?xml version="1.0" encoding="UTF-8"?>
<coverage generated="1590344805112" clover="3.2.0">
  <project timestamp="1590344805112" name="All files">
    <metrics statements="304" coveredstatements="288" conditionals="63" coveredconditionals="55" methods="99" coveredmethods="88" elements="466" coveredelements="431" complexity="0" loc="304" ncloc="304" packages="8" files="21" classes="21"/>
    <package name="seubarriga">
      <metrics statements="1" coveredstatements="1" conditionals="0" coveredconditionals="0" methods="0" coveredmethods="0"/>
      <file name="knexfile.js" path="/Users/lucianofreitas/Projects/curso-tdd-nodejs/seubarriga/knexfile.js">
        <metrics statements="1" coveredstatements="1" conditionals="0" coveredconditionals="0" methods="0" coveredmethods="0"/>
        <line num="1" count="6" type="stmt"/>
      </file>
    </package>
    <package name="seubarriga.src">
      <metrics statements="15" coveredstatements="15" conditionals="4" coveredconditionals="4" methods="3" coveredmethods="2"/>
      <file name="app.js" path="/Users/lucianofreitas/Projects/curso-tdd-nodejs/seubarriga/src/app.js">
        <metrics statements="15" coveredstatements="15" conditionals="4" coveredconditionals="4" methods="3" coveredmethods="2"/>
        <line num="1" count="6" type="stmt"/>
        <line num="2" count="6" type="stmt"/>
        <line num="3" count="6" type="stmt"/>
        <line num="4" count="6" type="stmt"/>
        <line num="7" count="6" type="stmt"/>
        <line num="9" count="6" type="stmt"/>
        <line num="17" count="6" type="stmt"/>
        <line num="19" count="6" type="stmt"/>
        <line num="23" count="6" type="stmt"/>
        <line num="24" count="19" type="stmt"/>
        <line num="26" count="19" type="cond" truecount="2" falsecount="0"/>
        <line num="27" count="19" type="cond" truecount="2" falsecount="0"/>
        <line num="28" count="15" type="stmt"/>
        <line num="30" count="4" type="stmt"/>
        <line num="38" count="6" type="stmt"/>
      </file>
    </package>
    <package name="seubarriga.src.config">
      <metrics statements="28" coveredstatements="26" conditionals="2" coveredconditionals="1" methods="7" coveredmethods="6"/>
      <file name="middlewares.js" path="/Users/lucianofreitas/Projects/curso-tdd-nodejs/seubarriga/src/config/middlewares.js">
        <metrics statements="3" coveredstatements="3" conditionals="0" coveredconditionals="0" methods="1" coveredmethods="1"/>
        <line num="1" count="6" type="stmt"/>
        <line num="3" count="6" type="stmt"/>
        <line num="4" count="6" type="stmt"/>
      </file>
      <file name="passport.js" path="/Users/lucianofreitas/Projects/curso-tdd-nodejs/seubarriga/src/config/passport.js">
        <metrics statements="16" coveredstatements="14" conditionals="2" coveredconditionals="1" methods="5" coveredmethods="4"/>
        <line num="1" count="6" type="stmt"/>
        <line num="2" count="6" type="stmt"/>
        <line num="4" count="6" type="stmt"/>
        <line num="6" count="6" type="stmt"/>
        <line num="8" count="6" type="stmt"/>
        <line num="10" count="6" type="stmt"/>
        <line num="15" count="6" type="stmt"/>
        <line num="16" count="37" type="stmt"/>
        <line num="18" count="37" type="cond" truecount="1" falsecount="1"/>
        <line num="19" count="37" type="stmt"/>
        <line num="20" count="37" type="stmt"/>
        <line num="23" count="0" type="stmt"/>
        <line num="24" count="0" type="stmt"/>
        <line num="27" count="6" type="stmt"/>
        <line num="29" count="6" type="stmt"/>
        <line num="30" count="6" type="stmt"/>
      </file>
      <file name="router.js" path="/Users/lucianofreitas/Projects/curso-tdd-nodejs/seubarriga/src/config/router.js">
        <metrics statements="9" coveredstatements="9" conditionals="0" coveredconditionals="0" methods="1" coveredmethods="1"/>
        <line num="1" count="6" type="stmt"/>
        <line num="3" count="6" type="stmt"/>
        <line num="4" count="6" type="stmt"/>
        <line num="6" count="6" type="stmt"/>
        <line num="8" count="6" type="stmt"/>
        <line num="9" count="6" type="stmt"/>
        <line num="10" count="6" type="stmt"/>
        <line num="11" count="6" type="stmt"/>
        <line num="13" count="6" type="stmt"/>
      </file>
    </package>
    <package name="seubarriga.src.errors">
      <metrics statements="6" coveredstatements="6" conditionals="1" coveredconditionals="0" methods="2" coveredmethods="2"/>
      <file name="UndueResourceError.js" path="/Users/lucianofreitas/Projects/curso-tdd-nodejs/seubarriga/src/errors/UndueResourceError.js">
        <metrics statements="3" coveredstatements="3" conditionals="1" coveredconditionals="0" methods="1" coveredmethods="1"/>
        <line num="1" count="6" type="cond" truecount="0" falsecount="1"/>
        <line num="2" count="4" type="stmt"/>
        <line num="3" count="4" type="stmt"/>
      </file>
      <file name="ValidationError.js" path="/Users/lucianofreitas/Projects/curso-tdd-nodejs/seubarriga/src/errors/ValidationError.js">
        <metrics statements="3" coveredstatements="3" conditionals="0" coveredconditionals="0" methods="1" coveredmethods="1"/>
        <line num="1" count="6" type="stmt"/>
        <line num="2" count="15" type="stmt"/>
        <line num="3" count="15" type="stmt"/>
      </file>
    </package>
    <package name="seubarriga.src.migrations">
      <metrics statements="39" coveredstatements="39" conditionals="0" coveredconditionals="0" methods="14" coveredmethods="14"/>
      <file name="20200505121220_create_users.js" path="/Users/lucianofreitas/Projects/curso-tdd-nodejs/seubarriga/src/migrations/20200505121220_create_users.js">
        <metrics statements="8" coveredstatements="8" conditionals="0" coveredconditionals="0" methods="3" coveredmethods="3"/>
        <line num="2" count="1" type="stmt"/>
        <line num="3" count="1" type="stmt"/>
        <line num="4" count="1" type="stmt"/>
        <line num="5" count="1" type="stmt"/>
        <line num="6" count="1" type="stmt"/>
        <line num="7" count="1" type="stmt"/>
        <line num="11" count="1" type="stmt"/>
        <line num="12" count="1" type="stmt"/>
      </file>
      <file name="20200506104141_create_accounts.js" path="/Users/lucianofreitas/Projects/curso-tdd-nodejs/seubarriga/src/migrations/20200506104141_create_accounts.js">
        <metrics statements="7" coveredstatements="7" conditionals="0" coveredconditionals="0" methods="3" coveredmethods="3"/>
        <line num="2" count="1" type="stmt"/>
        <line num="3" count="1" type="stmt"/>
        <line num="4" count="1" type="stmt"/>
        <line num="5" count="1" type="stmt"/>
        <line num="6" count="1" type="stmt"/>
        <line num="13" count="1" type="stmt"/>
        <line num="14" count="1" type="stmt"/>
      </file>
      <file name="20200511203136_create_table_transactions.js" path="/Users/lucianofreitas/Projects/curso-tdd-nodejs/seubarriga/src/migrations/20200511203136_create_table_transactions.js">
        <metrics statements="11" coveredstatements="11" conditionals="0" coveredconditionals="0" methods="3" coveredmethods="3"/>
        <line num="2" count="1" type="stmt"/>
        <line num="3" count="1" type="stmt"/>
        <line num="4" count="1" type="stmt"/>
        <line num="5" count="1" type="stmt"/>
        <line num="6" count="1" type="stmt"/>
        <line num="7" count="1" type="stmt"/>
        <line num="8" count="1" type="stmt"/>
        <line num="9" count="1" type="stmt"/>
        <line num="10" count="1" type="stmt"/>
        <line num="17" count="1" type="stmt"/>
        <line num="18" count="1" type="stmt"/>
      </file>
      <file name="20200524115243_create_table_transfers.js" path="/Users/lucianofreitas/Projects/curso-tdd-nodejs/seubarriga/src/migrations/20200524115243_create_table_transfers.js">
        <metrics statements="13" coveredstatements="13" conditionals="0" coveredconditionals="0" methods="5" coveredmethods="5"/>
        <line num="2" count="1" type="stmt"/>
        <line num="3" count="1" type="stmt"/>
        <line num="5" count="1" type="stmt"/>
        <line num="6" count="1" type="stmt"/>
        <line num="7" count="1" type="stmt"/>
        <line num="8" count="1" type="stmt"/>
        <line num="9" count="1" type="stmt"/>
        <line num="13" count="1" type="stmt"/>
        <line num="17" count="1" type="stmt"/>
        <line num="23" count="1" type="stmt"/>
        <line num="30" count="1" type="stmt"/>
        <line num="31" count="1" type="stmt"/>
        <line num="33" count="1" type="stmt"/>
      </file>
    </package>
    <package name="seubarriga.src.routes">
      <metrics statements="124" coveredstatements="110" conditionals="10" coveredconditionals="9" methods="43" coveredmethods="34"/>
      <file name="accounts.js" path="/Users/lucianofreitas/Projects/curso-tdd-nodejs/seubarriga/src/routes/accounts.js">
        <metrics statements="37" coveredstatements="34" conditionals="4" coveredconditionals="3" methods="7" coveredmethods="7"/>
        <line num="1" count="6" type="stmt"/>
        <line num="3" count="6" type="stmt"/>
        <line num="5" count="6" type="stmt"/>
        <line num="7" count="6" type="stmt"/>
        <line num="10" count="6" type="stmt"/>
        <line num="11" count="7" type="stmt"/>
        <line num="12" count="7" type="stmt"/>
        <line num="14" count="7" type="cond" truecount="2" falsecount="0"/>
        <line num="15" count="4" type="stmt"/>
        <line num="17" count="3" type="stmt"/>
        <line num="21" count="6" type="stmt"/>
        <line num="22" count="3" type="stmt"/>
        <line num="23" count="3" type="stmt"/>
        <line num="25" count="1" type="stmt"/>
        <line num="27" count="2" type="stmt"/>
        <line num="31" count="6" type="stmt"/>
        <line num="32" count="1" type="stmt"/>
        <line num="33" count="1" type="stmt"/>
        <line num="35" count="1" type="stmt"/>
        <line num="37" count="0" type="stmt"/>
        <line num="41" count="6" type="stmt"/>
        <line num="42" count="1" type="stmt"/>
        <line num="43" count="1" type="stmt"/>
        <line num="45" count="1" type="cond" truecount="1" falsecount="1"/>
        <line num="47" count="1" type="stmt"/>
        <line num="49" count="0" type="stmt"/>
        <line num="53" count="6" type="stmt"/>
        <line num="54" count="1" type="stmt"/>
        <line num="55" count="1" type="stmt"/>
        <line num="57" count="1" type="stmt"/>
        <line num="59" count="0" type="stmt"/>
        <line num="63" count="6" type="stmt"/>
        <line num="64" count="2" type="stmt"/>
        <line num="65" count="2" type="stmt"/>
        <line num="67" count="1" type="stmt"/>
        <line num="69" count="1" type="stmt"/>
        <line num="73" count="6" type="stmt"/>
      </file>
      <file name="auth.js" path="/Users/lucianofreitas/Projects/curso-tdd-nodejs/seubarriga/src/routes/auth.js">
        <metrics statements="21" coveredstatements="20" conditionals="4" coveredconditionals="4" methods="3" coveredmethods="3"/>
        <line num="1" count="6" type="stmt"/>
        <line num="2" count="6" type="stmt"/>
        <line num="3" count="6" type="stmt"/>
        <line num="4" count="6" type="stmt"/>
        <line num="6" count="6" type="stmt"/>
        <line num="8" count="6" type="stmt"/>
        <line num="9" count="6" type="stmt"/>
        <line num="11" count="6" type="stmt"/>
        <line num="12" count="3" type="stmt"/>
        <line num="13" count="3" type="stmt"/>
        <line num="15" count="3" type="cond" truecount="4" falsecount="0"/>
        <line num="17" count="1" type="stmt"/>
        <line num="23" count="1" type="stmt"/>
        <line num="25" count="1" type="stmt"/>
        <line num="27" count="2" type="stmt"/>
        <line num="31" count="6" type="stmt"/>
        <line num="32" count="1" type="stmt"/>
        <line num="33" count="1" type="stmt"/>
        <line num="35" count="1" type="stmt"/>
        <line num="37" count="0" type="stmt"/>
        <line num="41" count="6" type="stmt"/>
      </file>
      <file name="transactions.js" path="/Users/lucianofreitas/Projects/curso-tdd-nodejs/seubarriga/src/routes/transactions.js">
        <metrics statements="31" coveredstatements="26" conditionals="2" coveredconditionals="2" methods="17" coveredmethods="12"/>
        <line num="1" count="6" type="stmt"/>
        <line num="3" count="6" type="stmt"/>
        <line num="5" count="6" type="stmt"/>
        <line num="7" count="6" type="stmt"/>
        <line num="10" count="6" type="stmt"/>
        <line num="11" count="4" type="stmt"/>
        <line num="12" count="4" type="stmt"/>
        <line num="14" count="4" type="cond" truecount="2" falsecount="0"/>
        <line num="15" count="1" type="stmt"/>
        <line num="17" count="1" type="stmt"/>
        <line num="21" count="6" type="stmt"/>
        <line num="22" count="1" type="stmt"/>
        <line num="23" count="1" type="stmt"/>
        <line num="24" count="0" type="stmt"/>
        <line num="27" count="6" type="stmt"/>
        <line num="28" count="9" type="stmt"/>
        <line num="29" count="3" type="stmt"/>
        <line num="30" count="0" type="stmt"/>
        <line num="33" count="6" type="stmt"/>
        <line num="34" count="1" type="stmt"/>
        <line num="35" count="1" type="stmt"/>
        <line num="36" count="0" type="stmt"/>
        <line num="39" count="6" type="stmt"/>
        <line num="40" count="1" type="stmt"/>
        <line num="41" count="1" type="stmt"/>
        <line num="42" count="0" type="stmt"/>
        <line num="45" count="6" type="stmt"/>
        <line num="46" count="1" type="stmt"/>
        <line num="47" count="1" type="stmt"/>
        <line num="48" count="0" type="stmt"/>
        <line num="51" count="6" type="stmt"/>
      </file>
      <file name="transfers.js" path="/Users/lucianofreitas/Projects/curso-tdd-nodejs/seubarriga/src/routes/transfers.js">
        <metrics statements="21" coveredstatements="17" conditionals="0" coveredconditionals="0" methods="13" coveredmethods="9"/>
        <line num="1" count="6" type="stmt"/>
        <line num="3" count="6" type="stmt"/>
        <line num="4" count="6" type="stmt"/>
        <line num="6" count="6" type="stmt"/>
        <line num="7" count="1" type="stmt"/>
        <line num="8" count="1" type="stmt"/>
        <line num="9" count="0" type="stmt"/>
        <line num="12" count="6" type="stmt"/>
        <line num="13" count="2" type="stmt"/>
        <line num="15" count="2" type="stmt"/>
        <line num="16" count="2" type="stmt"/>
        <line num="17" count="0" type="stmt"/>
        <line num="20" count="6" type="stmt"/>
        <line num="21" count="1" type="stmt"/>
        <line num="22" count="1" type="stmt"/>
        <line num="23" count="0" type="stmt"/>
        <line num="26" count="6" type="stmt"/>
        <line num="27" count="1" type="stmt"/>
        <line num="28" count="1" type="stmt"/>
        <line num="29" count="0" type="stmt"/>
        <line num="32" count="6" type="stmt"/>
      </file>
      <file name="users.js" path="/Users/lucianofreitas/Projects/curso-tdd-nodejs/seubarriga/src/routes/users.js">
        <metrics statements="14" coveredstatements="13" conditionals="0" coveredconditionals="0" methods="3" coveredmethods="3"/>
        <line num="1" count="6" type="stmt"/>
        <line num="3" count="6" type="stmt"/>
        <line num="5" count="6" type="stmt"/>
        <line num="7" count="6" type="stmt"/>
        <line num="8" count="1" type="stmt"/>
        <line num="9" count="1" type="stmt"/>
        <line num="11" count="1" type="stmt"/>
        <line num="13" count="0" type="stmt"/>
        <line num="17" count="6" type="stmt"/>
        <line num="18" count="6" type="stmt"/>
        <line num="19" count="6" type="stmt"/>
        <line num="21" count="2" type="stmt"/>
        <line num="23" count="4" type="stmt"/>
        <line num="27" count="6" type="stmt"/>
      </file>
    </package>
    <package name="seubarriga.src.seeds">
      <metrics statements="9" coveredstatements="9" conditionals="0" coveredconditionals="0" methods="8" coveredmethods="8"/>
      <file name="transfer.js" path="/Users/lucianofreitas/Projects/curso-tdd-nodejs/seubarriga/src/seeds/transfer.js">
        <metrics statements="9" coveredstatements="9" conditionals="0" coveredconditionals="0" methods="8" coveredmethods="8"/>
        <line num="2" count="1" type="stmt"/>
        <line num="3" count="1" type="stmt"/>
        <line num="4" count="1" type="stmt"/>
        <line num="5" count="1" type="stmt"/>
        <line num="6" count="1" type="stmt"/>
        <line num="7" count="1" type="stmt"/>
        <line num="21" count="1" type="stmt"/>
        <line num="43" count="1" type="stmt"/>
        <line num="63" count="1" type="stmt"/>
      </file>
    </package>
    <package name="seubarriga.src.services">
      <metrics statements="82" coveredstatements="82" conditionals="46" coveredconditionals="41" methods="22" coveredmethods="22"/>
      <file name="accounts.js" path="/Users/lucianofreitas/Projects/curso-tdd-nodejs/seubarriga/src/services/accounts.js">
        <metrics statements="21" coveredstatements="21" conditionals="8" coveredconditionals="6" methods="6" coveredmethods="6"/>
        <line num="1" count="6" type="stmt"/>
        <line num="3" count="6" type="stmt"/>
        <line num="5" count="6" type="cond" truecount="0" falsecount="1"/>
        <line num="6" count="10" type="stmt"/>
        <line num="7" count="10" type="stmt"/>
        <line num="10" count="6" type="stmt"/>
        <line num="11" count="3" type="cond" truecount="2" falsecount="0"/>
        <line num="13" count="2" type="stmt"/>
        <line num="15" count="2" type="cond" truecount="2" falsecount="0"/>
        <line num="17" count="1" type="stmt"/>
        <line num="20" count="6" type="cond" truecount="0" falsecount="1"/>
        <line num="21" count="1" type="stmt"/>
        <line num="22" count="1" type="stmt"/>
        <line num="25" count="6" type="stmt"/>
        <line num="26" count="1" type="stmt"/>
        <line num="27" count="1" type="stmt"/>
        <line num="30" count="6" type="stmt"/>
        <line num="31" count="2" type="stmt"/>
        <line num="33" count="2" type="cond" truecount="2" falsecount="0"/>
        <line num="35" count="1" type="stmt"/>
        <line num="38" count="6" type="stmt"/>
      </file>
      <file name="transactions.js" path="/Users/lucianofreitas/Projects/curso-tdd-nodejs/seubarriga/src/services/transactions.js">
        <metrics statements="22" coveredstatements="22" conditionals="21" coveredconditionals="21" methods="6" coveredmethods="6"/>
        <line num="1" count="6" type="stmt"/>
        <line num="3" count="6" type="stmt"/>
        <line num="5" count="6" type="cond" truecount="1" falsecount="0"/>
        <line num="6" count="5" type="stmt"/>
        <line num="13" count="6" type="stmt"/>
        <line num="14" count="3" type="stmt"/>
        <line num="19" count="6" type="stmt"/>
        <line num="20" count="9" type="cond" truecount="2" falsecount="0"/>
        <line num="21" count="8" type="cond" truecount="2" falsecount="0"/>
        <line num="22" count="7" type="cond" truecount="2" falsecount="0"/>
        <line num="23" count="6" type="cond" truecount="2" falsecount="0"/>
        <line num="24" count="5" type="cond" truecount="2" falsecount="0"/>
        <line num="25" count="4" type="cond" truecount="4" falsecount="0"/>
        <line num="27" count="3" type="stmt"/>
        <line num="29" count="3" type="cond" truecount="6" falsecount="0"/>
        <line num="30" count="2" type="stmt"/>
        <line num="33" count="3" type="stmt"/>
        <line num="37" count="6" type="stmt"/>
        <line num="38" count="1" type="stmt"/>
        <line num="43" count="6" type="stmt"/>
        <line num="44" count="1" type="stmt"/>
        <line num="49" count="6" type="stmt"/>
      </file>
      <file name="transfers.js" path="/Users/lucianofreitas/Projects/curso-tdd-nodejs/seubarriga/src/services/transfers.js">
        <metrics statements="15" coveredstatements="15" conditionals="2" coveredconditionals="0" methods="5" coveredmethods="5"/>
        <line num="1" count="6" type="stmt"/>
        <line num="2" count="6" type="cond" truecount="0" falsecount="1"/>
        <line num="3" count="1" type="stmt"/>
        <line num="8" count="6" type="cond" truecount="0" falsecount="1"/>
        <line num="9" count="1" type="stmt"/>
        <line num="14" count="6" type="stmt"/>
        <line num="15" count="2" type="stmt"/>
        <line num="16" count="2" type="stmt"/>
        <line num="18" count="2" type="stmt"/>
        <line num="37" count="2" type="stmt"/>
        <line num="38" count="2" type="stmt"/>
        <line num="41" count="6" type="stmt"/>
        <line num="42" count="1" type="stmt"/>
        <line num="43" count="1" type="stmt"/>
        <line num="46" count="6" type="stmt"/>
      </file>
      <file name="user.js" path="/Users/lucianofreitas/Projects/curso-tdd-nodejs/seubarriga/src/services/user.js">
        <metrics statements="24" coveredstatements="24" conditionals="15" coveredconditionals="14" methods="5" coveredmethods="5"/>
        <line num="1" count="6" type="stmt"/>
        <line num="2" count="6" type="stmt"/>
        <line num="4" count="6" type="stmt"/>
        <line num="5" count="6" type="cond" truecount="1" falsecount="0"/>
        <line num="6" count="1" type="stmt"/>
        <line num="7" count="1" type="stmt"/>
        <line num="10" count="6" type="cond" truecount="1" falsecount="1"/>
        <line num="11" count="51" type="stmt"/>
        <line num="13" count="51" type="cond" truecount="4" falsecount="0"/>
        <line num="15" count="51" type="stmt"/>
        <line num="18" count="6" type="stmt"/>
        <line num="19" count="9" type="stmt"/>
        <line num="20" count="9" type="stmt"/>
        <line num="23" count="6" type="stmt"/>
        <line num="24" count="13" type="cond" truecount="2" falsecount="0"/>
        <line num="25" count="12" type="cond" truecount="2" falsecount="0"/>
        <line num="26" count="11" type="cond" truecount="2" falsecount="0"/>
        <line num="28" count="10" type="stmt"/>
        <line num="30" count="10" type="cond" truecount="2" falsecount="0"/>
        <line num="32" count="9" type="stmt"/>
        <line num="33" count="9" type="stmt"/>
        <line num="35" count="9" type="stmt"/>
        <line num="36" count="9" type="stmt"/>
        <line num="39" count="6" type="stmt"/>
      </file>
    </package>
  </project>
</coverage>
