{"/Users/lucianofreitas/Projects/curso-tdd-nodejs/seubarriga/knexfile.js": {"path":"/Users/lucianofreitas/Projects/curso-tdd-nodejs/seubarriga/knexfile.js","statementMap":{"0":{"start":{"line":1,"column":0},"end":{"line":18,"column":2}}},"fnMap":{},"branchMap":{},"s":{"0":6},"f":{},"b":{},"_coverageSchema":"1a1c01bbd47fc00a2c39e90264f33305004495a9","hash":"a4b38023a962f9735c59661445a5598aa1b19e0a"}
,"/Users/lucianofreitas/Projects/curso-tdd-nodejs/seubarriga/src/app.js": {"path":"/Users/lucianofreitas/Projects/curso-tdd-nodejs/seubarriga/src/app.js","statementMap":{"0":{"start":{"line":1,"column":12},"end":{"line":1,"column":32}},"1":{"start":{"line":2,"column":16},"end":{"line":2,"column":34}},"2":{"start":{"line":3,"column":13},"end":{"line":3,"column":28}},"3":{"start":{"line":4,"column":17},"end":{"line":4,"column":39}},"4":{"start":{"line":7,"column":0},"end":{"line":7,"column":29}},"5":{"start":{"line":9,"column":0},"end":{"line":15,"column":13}},"6":{"start":{"line":17,"column":0},"end":{"line":17,"column":51}},"7":{"start":{"line":17,"column":27},"end":{"line":17,"column":49}},"8":{"start":{"line":19,"column":0},"end":{"line":19,"column":80}},"9":{"start":{"line":19,"column":22},"end":{"line":19,"column":78}},"10":{"start":{"line":23,"column":0},"end":{"line":31,"column":3}},"11":{"start":{"line":24,"column":35},"end":{"line":24,"column":38}},"12":{"start":{"line":26,"column":2},"end":{"line":26,"column":75}},"13":{"start":{"line":26,"column":34},"end":{"line":26,"column":75}},"14":{"start":{"line":27,"column":2},"end":{"line":28,"column":54}},"15":{"start":{"line":27,"column":37},"end":{"line":27,"column":78}},"16":{"start":{"line":28,"column":7},"end":{"line":28,"column":54}},"17":{"start":{"line":30,"column":2},"end":{"line":30,"column":12}},"18":{"start":{"line":38,"column":0},"end":{"line":38,"column":21}}},"fnMap":{"0":{"name":"(anonymous_0)","decl":{"start":{"line":17,"column":13},"end":{"line":17,"column":14}},"loc":{"start":{"line":17,"column":27},"end":{"line":17,"column":49}},"line":17},"1":{"name":"(anonymous_1)","decl":{"start":{"line":19,"column":8},"end":{"line":19,"column":9}},"loc":{"start":{"line":19,"column":22},"end":{"line":19,"column":78}},"line":19},"2":{"name":"(anonymous_2)","decl":{"start":{"line":23,"column":8},"end":{"line":23,"column":9}},"loc":{"start":{"line":23,"column":33},"end":{"line":31,"column":1}},"line":23}},"branchMap":{"0":{"loc":{"start":{"line":26,"column":2},"end":{"line":26,"column":75}},"type":"if","locations":[{"start":{"line":26,"column":2},"end":{"line":26,"column":75}},{"start":{"line":26,"column":2},"end":{"line":26,"column":75}}],"line":26},"1":{"loc":{"start":{"line":27,"column":2},"end":{"line":28,"column":54}},"type":"if","locations":[{"start":{"line":27,"column":2},"end":{"line":28,"column":54}},{"start":{"line":27,"column":2},"end":{"line":28,"column":54}}],"line":27}},"s":{"0":6,"1":6,"2":6,"3":6,"4":6,"5":6,"6":6,"7":1,"8":6,"9":0,"10":6,"11":19,"12":19,"13":15,"14":19,"15":4,"16":15,"17":4,"18":6},"f":{"0":1,"1":0,"2":19},"b":{"0":[15,4],"1":[4,15]},"_coverageSchema":"1a1c01bbd47fc00a2c39e90264f33305004495a9","hash":"0a5f6c700ddbf7c512ef64a0b774243b7cb6f1df"}
,"/Users/lucianofreitas/Projects/curso-tdd-nodejs/seubarriga/src/config/middlewares.js": {"path":"/Users/lucianofreitas/Projects/curso-tdd-nodejs/seubarriga/src/config/middlewares.js","statementMap":{"0":{"start":{"line":1,"column":19},"end":{"line":1,"column":41}},"1":{"start":{"line":3,"column":0},"end":{"line":5,"column":2}},"2":{"start":{"line":4,"column":2},"end":{"line":4,"column":29}}},"fnMap":{"0":{"name":"(anonymous_0)","decl":{"start":{"line":3,"column":17},"end":{"line":3,"column":18}},"loc":{"start":{"line":3,"column":26},"end":{"line":5,"column":1}},"line":3}},"branchMap":{},"s":{"0":6,"1":6,"2":6},"f":{"0":6},"b":{},"_coverageSchema":"1a1c01bbd47fc00a2c39e90264f33305004495a9","hash":"7ef955a9a01ab151a6f61d5714f1dc5be01d89d8"}
,"/Users/lucianofreitas/Projects/curso-tdd-nodejs/seubarriga/src/config/passport.js": {"path":"/Users/lucianofreitas/Projects/curso-tdd-nodejs/seubarriga/src/config/passport.js","statementMap":{"0":{"start":{"line":1,"column":17},"end":{"line":1,"column":36}},"1":{"start":{"line":2,"column":20},"end":{"line":2,"column":43}},"2":{"start":{"line":4,"column":15},"end":{"line":4,"column":23}},"3":{"start":{"line":6,"column":33},"end":{"line":6,"column":44}},"4":{"start":{"line":8,"column":0},"end":{"line":33,"column":2}},"5":{"start":{"line":10,"column":17},"end":{"line":13,"column":3}},"6":{"start":{"line":15,"column":19},"end":{"line":25,"column":4}},"7":{"start":{"line":16,"column":4},"end":{"line":24,"column":42}},"8":{"start":{"line":18,"column":8},"end":{"line":21,"column":9}},"9":{"start":{"line":19,"column":10},"end":{"line":19,"column":37}},"10":{"start":{"line":20,"column":10},"end":{"line":20,"column":17}},"11":{"start":{"line":23,"column":8},"end":{"line":23,"column":26}},"12":{"start":{"line":24,"column":24},"end":{"line":24,"column":40}},"13":{"start":{"line":27,"column":2},"end":{"line":27,"column":25}},"14":{"start":{"line":29,"column":2},"end":{"line":31,"column":4}},"15":{"start":{"line":30,"column":24},"end":{"line":30,"column":72}}},"fnMap":{"0":{"name":"(anonymous_0)","decl":{"start":{"line":8,"column":17},"end":{"line":8,"column":18}},"loc":{"start":{"line":8,"column":26},"end":{"line":33,"column":1}},"line":8},"1":{"name":"(anonymous_1)","decl":{"start":{"line":15,"column":40},"end":{"line":15,"column":41}},"loc":{"start":{"line":15,"column":59},"end":{"line":25,"column":3}},"line":15},"2":{"name":"(anonymous_2)","decl":{"start":{"line":17,"column":12},"end":{"line":17,"column":13}},"loc":{"start":{"line":17,"column":22},"end":{"line":24,"column":7}},"line":17},"3":{"name":"(anonymous_3)","decl":{"start":{"line":24,"column":15},"end":{"line":24,"column":16}},"loc":{"start":{"line":24,"column":24},"end":{"line":24,"column":40}},"line":24},"4":{"name":"(anonymous_4)","decl":{"start":{"line":30,"column":18},"end":{"line":30,"column":19}},"loc":{"start":{"line":30,"column":24},"end":{"line":30,"column":72}},"line":30}},"branchMap":{"0":{"loc":{"start":{"line":18,"column":8},"end":{"line":21,"column":9}},"type":"if","locations":[{"start":{"line":18,"column":8},"end":{"line":21,"column":9}},{"start":{"line":18,"column":8},"end":{"line":21,"column":9}}],"line":18}},"s":{"0":6,"1":6,"2":6,"3":6,"4":6,"5":6,"6":6,"7":37,"8":37,"9":37,"10":37,"11":0,"12":0,"13":6,"14":6,"15":6},"f":{"0":6,"1":37,"2":37,"3":0,"4":6},"b":{"0":[37,0]},"_coverageSchema":"1a1c01bbd47fc00a2c39e90264f33305004495a9","hash":"ab689e076adf462af6f56c46322d906b0390f80f"}
,"/Users/lucianofreitas/Projects/curso-tdd-nodejs/seubarriga/src/config/router.js": {"path":"/Users/lucianofreitas/Projects/curso-tdd-nodejs/seubarriga/src/config/router.js","statementMap":{"0":{"start":{"line":1,"column":16},"end":{"line":1,"column":34}},"1":{"start":{"line":3,"column":0},"end":{"line":14,"column":2}},"2":{"start":{"line":4,"column":2},"end":{"line":4,"column":36}},"3":{"start":{"line":6,"column":26},"end":{"line":6,"column":42}},"4":{"start":{"line":8,"column":2},"end":{"line":8,"column":50}},"5":{"start":{"line":9,"column":2},"end":{"line":9,"column":56}},"6":{"start":{"line":10,"column":2},"end":{"line":10,"column":64}},"7":{"start":{"line":11,"column":2},"end":{"line":11,"column":58}},"8":{"start":{"line":13,"column":2},"end":{"line":13,"column":70}}},"fnMap":{"0":{"name":"(anonymous_0)","decl":{"start":{"line":3,"column":17},"end":{"line":3,"column":18}},"loc":{"start":{"line":3,"column":26},"end":{"line":14,"column":1}},"line":3}},"branchMap":{},"s":{"0":6,"1":6,"2":6,"3":6,"4":6,"5":6,"6":6,"7":6,"8":6},"f":{"0":6},"b":{},"_coverageSchema":"1a1c01bbd47fc00a2c39e90264f33305004495a9","hash":"af7c2622a8c9b403047081f42e9cb7aca3941af4"}
,"/Users/lucianofreitas/Projects/curso-tdd-nodejs/seubarriga/src/errors/UndueResourceError.js": {"path":"/Users/lucianofreitas/Projects/curso-tdd-nodejs/seubarriga/src/errors/UndueResourceError.js","statementMap":{"0":{"start":{"line":1,"column":0},"end":{"line":4,"column":2}},"1":{"start":{"line":2,"column":2},"end":{"line":2,"column":35}},"2":{"start":{"line":3,"column":2},"end":{"line":3,"column":25}}},"fnMap":{"0":{"name":"UndueResourceError","decl":{"start":{"line":1,"column":26},"end":{"line":1,"column":44}},"loc":{"start":{"line":1,"column":99},"end":{"line":4,"column":1}},"line":1}},"branchMap":{"0":{"loc":{"start":{"line":1,"column":45},"end":{"line":1,"column":97}},"type":"default-arg","locations":[{"start":{"line":1,"column":55},"end":{"line":1,"column":97}}],"line":1}},"s":{"0":6,"1":4,"2":4},"f":{"0":4},"b":{"0":[0]},"_coverageSchema":"1a1c01bbd47fc00a2c39e90264f33305004495a9","hash":"f6676457aa0d5f39ab789114b2b30471d1d621e2"}
,"/Users/lucianofreitas/Projects/curso-tdd-nodejs/seubarriga/src/errors/ValidationError.js": {"path":"/Users/lucianofreitas/Projects/curso-tdd-nodejs/seubarriga/src/errors/ValidationError.js","statementMap":{"0":{"start":{"line":1,"column":0},"end":{"line":4,"column":2}},"1":{"start":{"line":2,"column":2},"end":{"line":2,"column":32}},"2":{"start":{"line":3,"column":2},"end":{"line":3,"column":25}}},"fnMap":{"0":{"name":"ValidationError","decl":{"start":{"line":1,"column":26},"end":{"line":1,"column":41}},"loc":{"start":{"line":1,"column":51},"end":{"line":4,"column":1}},"line":1}},"branchMap":{},"s":{"0":6,"1":15,"2":15},"f":{"0":15},"b":{},"_coverageSchema":"1a1c01bbd47fc00a2c39e90264f33305004495a9","hash":"add294285f8bd5877fcf203bc09c5171fd79c573"}
,"/Users/lucianofreitas/Projects/curso-tdd-nodejs/seubarriga/src/migrations/20200505121220_create_users.js": {"path":"/Users/lucianofreitas/Projects/curso-tdd-nodejs/seubarriga/src/migrations/20200505121220_create_users.js","statementMap":{"0":{"start":{"line":2,"column":0},"end":{"line":9,"column":2}},"1":{"start":{"line":3,"column":2},"end":{"line":8,"column":5}},"2":{"start":{"line":4,"column":4},"end":{"line":4,"column":33}},"3":{"start":{"line":5,"column":4},"end":{"line":5,"column":31}},"4":{"start":{"line":6,"column":4},"end":{"line":6,"column":31}},"5":{"start":{"line":7,"column":4},"end":{"line":7,"column":35}},"6":{"start":{"line":11,"column":0},"end":{"line":13,"column":2}},"7":{"start":{"line":12,"column":2},"end":{"line":12,"column":40}}},"fnMap":{"0":{"name":"(anonymous_0)","decl":{"start":{"line":2,"column":13},"end":{"line":2,"column":14}},"loc":{"start":{"line":2,"column":23},"end":{"line":9,"column":1}},"line":2},"1":{"name":"(anonymous_1)","decl":{"start":{"line":3,"column":42},"end":{"line":3,"column":43}},"loc":{"start":{"line":3,"column":49},"end":{"line":8,"column":3}},"line":3},"2":{"name":"(anonymous_2)","decl":{"start":{"line":11,"column":15},"end":{"line":11,"column":16}},"loc":{"start":{"line":11,"column":25},"end":{"line":13,"column":1}},"line":11}},"branchMap":{},"s":{"0":1,"1":1,"2":1,"3":1,"4":1,"5":1,"6":1,"7":1},"f":{"0":1,"1":1,"2":1},"b":{},"_coverageSchema":"1a1c01bbd47fc00a2c39e90264f33305004495a9","hash":"cdf53764a8f476633a70d65c7ed1da1506797569"}
,"/Users/lucianofreitas/Projects/curso-tdd-nodejs/seubarriga/src/migrations/20200506104141_create_accounts.js": {"path":"/Users/lucianofreitas/Projects/curso-tdd-nodejs/seubarriga/src/migrations/20200506104141_create_accounts.js","statementMap":{"0":{"start":{"line":2,"column":0},"end":{"line":11,"column":2}},"1":{"start":{"line":3,"column":2},"end":{"line":10,"column":5}},"2":{"start":{"line":4,"column":4},"end":{"line":4,"column":33}},"3":{"start":{"line":5,"column":4},"end":{"line":5,"column":31}},"4":{"start":{"line":6,"column":4},"end":{"line":9,"column":17}},"5":{"start":{"line":13,"column":0},"end":{"line":15,"column":2}},"6":{"start":{"line":14,"column":2},"end":{"line":14,"column":43}}},"fnMap":{"0":{"name":"(anonymous_0)","decl":{"start":{"line":2,"column":13},"end":{"line":2,"column":14}},"loc":{"start":{"line":2,"column":23},"end":{"line":11,"column":1}},"line":2},"1":{"name":"(anonymous_1)","decl":{"start":{"line":3,"column":45},"end":{"line":3,"column":46}},"loc":{"start":{"line":3,"column":52},"end":{"line":10,"column":3}},"line":3},"2":{"name":"(anonymous_2)","decl":{"start":{"line":13,"column":15},"end":{"line":13,"column":16}},"loc":{"start":{"line":13,"column":25},"end":{"line":15,"column":1}},"line":13}},"branchMap":{},"s":{"0":1,"1":1,"2":1,"3":1,"4":1,"5":1,"6":1},"f":{"0":1,"1":1,"2":1},"b":{},"_coverageSchema":"1a1c01bbd47fc00a2c39e90264f33305004495a9","hash":"f224375c4f8978a12694d3de5d51480b077ec20b"}
,"/Users/lucianofreitas/Projects/curso-tdd-nodejs/seubarriga/src/migrations/20200511203136_create_table_transactions.js": {"path":"/Users/lucianofreitas/Projects/curso-tdd-nodejs/seubarriga/src/migrations/20200511203136_create_table_transactions.js","statementMap":{"0":{"start":{"line":2,"column":0},"end":{"line":15,"column":2}},"1":{"start":{"line":3,"column":2},"end":{"line":14,"column":5}},"2":{"start":{"line":4,"column":4},"end":{"line":4,"column":33}},"3":{"start":{"line":5,"column":4},"end":{"line":5,"column":38}},"4":{"start":{"line":6,"column":4},"end":{"line":6,"column":40}},"5":{"start":{"line":7,"column":4},"end":{"line":7,"column":29}},"6":{"start":{"line":8,"column":4},"end":{"line":8,"column":42}},"7":{"start":{"line":9,"column":4},"end":{"line":9,"column":49}},"8":{"start":{"line":10,"column":4},"end":{"line":13,"column":17}},"9":{"start":{"line":17,"column":0},"end":{"line":19,"column":2}},"10":{"start":{"line":18,"column":2},"end":{"line":18,"column":47}}},"fnMap":{"0":{"name":"(anonymous_0)","decl":{"start":{"line":2,"column":13},"end":{"line":2,"column":14}},"loc":{"start":{"line":2,"column":23},"end":{"line":15,"column":1}},"line":2},"1":{"name":"(anonymous_1)","decl":{"start":{"line":3,"column":49},"end":{"line":3,"column":50}},"loc":{"start":{"line":3,"column":56},"end":{"line":14,"column":3}},"line":3},"2":{"name":"(anonymous_2)","decl":{"start":{"line":17,"column":15},"end":{"line":17,"column":16}},"loc":{"start":{"line":17,"column":25},"end":{"line":19,"column":1}},"line":17}},"branchMap":{},"s":{"0":1,"1":1,"2":1,"3":1,"4":1,"5":1,"6":1,"7":1,"8":1,"9":1,"10":1},"f":{"0":1,"1":1,"2":1},"b":{},"_coverageSchema":"1a1c01bbd47fc00a2c39e90264f33305004495a9","hash":"e6e930afd7d91ed7d44cc84e9e5da298677c4b38"}
,"/Users/lucianofreitas/Projects/curso-tdd-nodejs/seubarriga/src/migrations/20200524115243_create_table_transfers.js": {"path":"/Users/lucianofreitas/Projects/curso-tdd-nodejs/seubarriga/src/migrations/20200524115243_create_table_transfers.js","statementMap":{"0":{"start":{"line":2,"column":0},"end":{"line":28,"column":2}},"1":{"start":{"line":3,"column":2},"end":{"line":27,"column":5}},"2":{"start":{"line":5,"column":6},"end":{"line":5,"column":35}},"3":{"start":{"line":6,"column":6},"end":{"line":6,"column":40}},"4":{"start":{"line":7,"column":6},"end":{"line":7,"column":31}},"5":{"start":{"line":8,"column":6},"end":{"line":8,"column":44}},"6":{"start":{"line":9,"column":6},"end":{"line":12,"column":19}},"7":{"start":{"line":13,"column":6},"end":{"line":16,"column":19}},"8":{"start":{"line":17,"column":6},"end":{"line":20,"column":19}},"9":{"start":{"line":23,"column":6},"end":{"line":25,"column":30}},"10":{"start":{"line":30,"column":0},"end":{"line":37,"column":2}},"11":{"start":{"line":31,"column":2},"end":{"line":36,"column":5}},"12":{"start":{"line":33,"column":6},"end":{"line":33,"column":34}}},"fnMap":{"0":{"name":"(anonymous_0)","decl":{"start":{"line":2,"column":13},"end":{"line":2,"column":14}},"loc":{"start":{"line":2,"column":23},"end":{"line":28,"column":1}},"line":2},"1":{"name":"(anonymous_1)","decl":{"start":{"line":4,"column":41},"end":{"line":4,"column":42}},"loc":{"start":{"line":4,"column":48},"end":{"line":21,"column":5}},"line":4},"2":{"name":"(anonymous_2)","decl":{"start":{"line":22,"column":38},"end":{"line":22,"column":39}},"loc":{"start":{"line":22,"column":45},"end":{"line":26,"column":5}},"line":22},"3":{"name":"(anonymous_3)","decl":{"start":{"line":30,"column":15},"end":{"line":30,"column":16}},"loc":{"start":{"line":30,"column":25},"end":{"line":37,"column":1}},"line":30},"4":{"name":"(anonymous_4)","decl":{"start":{"line":32,"column":38},"end":{"line":32,"column":39}},"loc":{"start":{"line":32,"column":45},"end":{"line":34,"column":5}},"line":32}},"branchMap":{},"s":{"0":1,"1":1,"2":1,"3":1,"4":1,"5":1,"6":1,"7":1,"8":1,"9":1,"10":1,"11":1,"12":1},"f":{"0":1,"1":1,"2":1,"3":1,"4":1},"b":{},"_coverageSchema":"1a1c01bbd47fc00a2c39e90264f33305004495a9","hash":"9b5e020cb6e4dede23a4a9f3b69008c5726e049d"}
,"/Users/lucianofreitas/Projects/curso-tdd-nodejs/seubarriga/src/routes/accounts.js": {"path":"/Users/lucianofreitas/Projects/curso-tdd-nodejs/seubarriga/src/routes/accounts.js","statementMap":{"0":{"start":{"line":1,"column":16},"end":{"line":1,"column":34}},"1":{"start":{"line":3,"column":27},"end":{"line":3,"column":66}},"2":{"start":{"line":5,"column":0},"end":{"line":74,"column":2}},"3":{"start":{"line":7,"column":17},"end":{"line":7,"column":33}},"4":{"start":{"line":10,"column":2},"end":{"line":19,"column":5}},"5":{"start":{"line":11,"column":4},"end":{"line":18,"column":5}},"6":{"start":{"line":12,"column":21},"end":{"line":12,"column":79}},"7":{"start":{"line":14,"column":6},"end":{"line":15,"column":18}},"8":{"start":{"line":14,"column":42},"end":{"line":14,"column":115}},"9":{"start":{"line":15,"column":11},"end":{"line":15,"column":18}},"10":{"start":{"line":17,"column":6},"end":{"line":17,"column":16}},"11":{"start":{"line":21,"column":2},"end":{"line":29,"column":5}},"12":{"start":{"line":22,"column":4},"end":{"line":28,"column":5}},"13":{"start":{"line":23,"column":21},"end":{"line":23,"column":92}},"14":{"start":{"line":25,"column":6},"end":{"line":25,"column":45}},"15":{"start":{"line":27,"column":6},"end":{"line":27,"column":25}},"16":{"start":{"line":31,"column":2},"end":{"line":39,"column":5}},"17":{"start":{"line":32,"column":4},"end":{"line":38,"column":5}},"18":{"start":{"line":33,"column":21},"end":{"line":33,"column":82}},"19":{"start":{"line":35,"column":6},"end":{"line":35,"column":42}},"20":{"start":{"line":37,"column":6},"end":{"line":37,"column":25}},"21":{"start":{"line":41,"column":2},"end":{"line":51,"column":5}},"22":{"start":{"line":42,"column":4},"end":{"line":50,"column":5}},"23":{"start":{"line":43,"column":21},"end":{"line":43,"column":79}},"24":{"start":{"line":45,"column":6},"end":{"line":45,"column":125}},"25":{"start":{"line":45,"column":42},"end":{"line":45,"column":125}},"26":{"start":{"line":47,"column":6},"end":{"line":47,"column":42}},"27":{"start":{"line":49,"column":6},"end":{"line":49,"column":25}},"28":{"start":{"line":53,"column":2},"end":{"line":61,"column":5}},"29":{"start":{"line":54,"column":4},"end":{"line":60,"column":5}},"30":{"start":{"line":55,"column":21},"end":{"line":55,"column":80}},"31":{"start":{"line":57,"column":6},"end":{"line":57,"column":45}},"32":{"start":{"line":59,"column":6},"end":{"line":59,"column":25}},"33":{"start":{"line":63,"column":2},"end":{"line":71,"column":5}},"34":{"start":{"line":64,"column":4},"end":{"line":70,"column":5}},"35":{"start":{"line":65,"column":6},"end":{"line":65,"column":56}},"36":{"start":{"line":67,"column":6},"end":{"line":67,"column":36}},"37":{"start":{"line":69,"column":6},"end":{"line":69,"column":25}},"38":{"start":{"line":73,"column":2},"end":{"line":73,"column":16}}},"fnMap":{"0":{"name":"(anonymous_0)","decl":{"start":{"line":5,"column":17},"end":{"line":5,"column":18}},"loc":{"start":{"line":5,"column":26},"end":{"line":74,"column":1}},"line":5},"1":{"name":"(anonymous_1)","decl":{"start":{"line":10,"column":21},"end":{"line":10,"column":22}},"loc":{"start":{"line":10,"column":47},"end":{"line":19,"column":3}},"line":10},"2":{"name":"(anonymous_2)","decl":{"start":{"line":21,"column":19},"end":{"line":21,"column":20}},"loc":{"start":{"line":21,"column":45},"end":{"line":29,"column":3}},"line":21},"3":{"name":"(anonymous_3)","decl":{"start":{"line":31,"column":18},"end":{"line":31,"column":19}},"loc":{"start":{"line":31,"column":44},"end":{"line":39,"column":3}},"line":31},"4":{"name":"(anonymous_4)","decl":{"start":{"line":41,"column":21},"end":{"line":41,"column":22}},"loc":{"start":{"line":41,"column":47},"end":{"line":51,"column":3}},"line":41},"5":{"name":"(anonymous_5)","decl":{"start":{"line":53,"column":21},"end":{"line":53,"column":22}},"loc":{"start":{"line":53,"column":47},"end":{"line":61,"column":3}},"line":53},"6":{"name":"(anonymous_6)","decl":{"start":{"line":63,"column":24},"end":{"line":63,"column":25}},"loc":{"start":{"line":63,"column":50},"end":{"line":71,"column":3}},"line":63}},"branchMap":{"0":{"loc":{"start":{"line":14,"column":6},"end":{"line":15,"column":18}},"type":"if","locations":[{"start":{"line":14,"column":6},"end":{"line":15,"column":18}},{"start":{"line":14,"column":6},"end":{"line":15,"column":18}}],"line":14},"1":{"loc":{"start":{"line":45,"column":6},"end":{"line":45,"column":125}},"type":"if","locations":[{"start":{"line":45,"column":6},"end":{"line":45,"column":125}},{"start":{"line":45,"column":6},"end":{"line":45,"column":125}}],"line":45}},"s":{"0":6,"1":6,"2":6,"3":6,"4":6,"5":7,"6":7,"7":7,"8":3,"9":4,"10":3,"11":6,"12":3,"13":3,"14":1,"15":2,"16":6,"17":1,"18":1,"19":1,"20":0,"21":6,"22":1,"23":1,"24":1,"25":0,"26":1,"27":0,"28":6,"29":1,"30":1,"31":1,"32":0,"33":6,"34":2,"35":2,"36":1,"37":1,"38":6},"f":{"0":6,"1":7,"2":3,"3":1,"4":1,"5":1,"6":2},"b":{"0":[3,4],"1":[0,1]},"_coverageSchema":"1a1c01bbd47fc00a2c39e90264f33305004495a9","hash":"425fb55d2de731e40283054e284f3670fa16e2c3"}
,"/Users/lucianofreitas/Projects/curso-tdd-nodejs/seubarriga/src/routes/auth.js": {"path":"/Users/lucianofreitas/Projects/curso-tdd-nodejs/seubarriga/src/routes/auth.js","statementMap":{"0":{"start":{"line":1,"column":16},"end":{"line":1,"column":34}},"1":{"start":{"line":2,"column":12},"end":{"line":2,"column":33}},"2":{"start":{"line":3,"column":15},"end":{"line":3,"column":39}},"3":{"start":{"line":4,"column":24},"end":{"line":4,"column":60}},"4":{"start":{"line":6,"column":15},"end":{"line":6,"column":23}},"5":{"start":{"line":8,"column":0},"end":{"line":42,"column":2}},"6":{"start":{"line":9,"column":17},"end":{"line":9,"column":33}},"7":{"start":{"line":11,"column":2},"end":{"line":29,"column":5}},"8":{"start":{"line":12,"column":4},"end":{"line":28,"column":5}},"9":{"start":{"line":13,"column":19},"end":{"line":13,"column":81}},"10":{"start":{"line":15,"column":6},"end":{"line":15,"column":129}},"11":{"start":{"line":15,"column":74},"end":{"line":15,"column":129}},"12":{"start":{"line":17,"column":22},"end":{"line":21,"column":7}},"13":{"start":{"line":23,"column":20},"end":{"line":23,"column":47}},"14":{"start":{"line":25,"column":6},"end":{"line":25,"column":38}},"15":{"start":{"line":27,"column":6},"end":{"line":27,"column":18}},"16":{"start":{"line":31,"column":2},"end":{"line":39,"column":5}},"17":{"start":{"line":32,"column":4},"end":{"line":38,"column":5}},"18":{"start":{"line":33,"column":21},"end":{"line":33,"column":59}},"19":{"start":{"line":35,"column":6},"end":{"line":35,"column":45}},"20":{"start":{"line":37,"column":6},"end":{"line":37,"column":25}},"21":{"start":{"line":41,"column":2},"end":{"line":41,"column":16}}},"fnMap":{"0":{"name":"(anonymous_0)","decl":{"start":{"line":8,"column":17},"end":{"line":8,"column":18}},"loc":{"start":{"line":8,"column":26},"end":{"line":42,"column":1}},"line":8},"1":{"name":"(anonymous_1)","decl":{"start":{"line":11,"column":25},"end":{"line":11,"column":26}},"loc":{"start":{"line":11,"column":51},"end":{"line":29,"column":3}},"line":11},"2":{"name":"(anonymous_2)","decl":{"start":{"line":31,"column":25},"end":{"line":31,"column":26}},"loc":{"start":{"line":31,"column":51},"end":{"line":39,"column":3}},"line":31}},"branchMap":{"0":{"loc":{"start":{"line":15,"column":6},"end":{"line":15,"column":129}},"type":"if","locations":[{"start":{"line":15,"column":6},"end":{"line":15,"column":129}},{"start":{"line":15,"column":6},"end":{"line":15,"column":129}}],"line":15},"1":{"loc":{"start":{"line":15,"column":10},"end":{"line":15,"column":72}},"type":"binary-expr","locations":[{"start":{"line":15,"column":10},"end":{"line":15,"column":15}},{"start":{"line":15,"column":19},"end":{"line":15,"column":72}}],"line":15}},"s":{"0":6,"1":6,"2":6,"3":6,"4":6,"5":6,"6":6,"7":6,"8":3,"9":3,"10":3,"11":2,"12":1,"13":1,"14":1,"15":2,"16":6,"17":1,"18":1,"19":1,"20":0,"21":6},"f":{"0":6,"1":3,"2":1},"b":{"0":[2,1],"1":[3,2]},"_coverageSchema":"1a1c01bbd47fc00a2c39e90264f33305004495a9","hash":"c645dd5fe1a1b561dba0bd153b1369d505852c96"}
,"/Users/lucianofreitas/Projects/curso-tdd-nodejs/seubarriga/src/routes/transactions.js": {"path":"/Users/lucianofreitas/Projects/curso-tdd-nodejs/seubarriga/src/routes/transactions.js","statementMap":{"0":{"start":{"line":1,"column":16},"end":{"line":1,"column":34}},"1":{"start":{"line":3,"column":27},"end":{"line":3,"column":66}},"2":{"start":{"line":5,"column":0},"end":{"line":52,"column":2}},"3":{"start":{"line":7,"column":17},"end":{"line":7,"column":33}},"4":{"start":{"line":10,"column":2},"end":{"line":19,"column":5}},"5":{"start":{"line":11,"column":4},"end":{"line":18,"column":5}},"6":{"start":{"line":12,"column":21},"end":{"line":12,"column":108}},"7":{"start":{"line":14,"column":6},"end":{"line":15,"column":84}},"8":{"start":{"line":14,"column":29},"end":{"line":14,"column":36}},"9":{"start":{"line":15,"column":11},"end":{"line":15,"column":84}},"10":{"start":{"line":17,"column":6},"end":{"line":17,"column":16}},"11":{"start":{"line":21,"column":2},"end":{"line":25,"column":5}},"12":{"start":{"line":22,"column":4},"end":{"line":24,"column":33}},"13":{"start":{"line":23,"column":24},"end":{"line":23,"column":52}},"14":{"start":{"line":24,"column":22},"end":{"line":24,"column":31}},"15":{"start":{"line":27,"column":2},"end":{"line":31,"column":5}},"16":{"start":{"line":28,"column":4},"end":{"line":30,"column":33}},"17":{"start":{"line":29,"column":24},"end":{"line":29,"column":55}},"18":{"start":{"line":30,"column":22},"end":{"line":30,"column":31}},"19":{"start":{"line":33,"column":2},"end":{"line":37,"column":5}},"20":{"start":{"line":34,"column":4},"end":{"line":36,"column":33}},"21":{"start":{"line":35,"column":24},"end":{"line":35,"column":52}},"22":{"start":{"line":36,"column":22},"end":{"line":36,"column":31}},"23":{"start":{"line":39,"column":2},"end":{"line":43,"column":5}},"24":{"start":{"line":40,"column":4},"end":{"line":42,"column":33}},"25":{"start":{"line":41,"column":24},"end":{"line":41,"column":55}},"26":{"start":{"line":42,"column":22},"end":{"line":42,"column":31}},"27":{"start":{"line":45,"column":2},"end":{"line":49,"column":5}},"28":{"start":{"line":46,"column":4},"end":{"line":48,"column":33}},"29":{"start":{"line":47,"column":18},"end":{"line":47,"column":40}},"30":{"start":{"line":48,"column":22},"end":{"line":48,"column":31}},"31":{"start":{"line":51,"column":2},"end":{"line":51,"column":16}}},"fnMap":{"0":{"name":"(anonymous_0)","decl":{"start":{"line":5,"column":17},"end":{"line":5,"column":18}},"loc":{"start":{"line":5,"column":26},"end":{"line":52,"column":1}},"line":5},"1":{"name":"(anonymous_1)","decl":{"start":{"line":10,"column":21},"end":{"line":10,"column":22}},"loc":{"start":{"line":10,"column":47},"end":{"line":19,"column":3}},"line":10},"2":{"name":"(anonymous_2)","decl":{"start":{"line":21,"column":18},"end":{"line":21,"column":19}},"loc":{"start":{"line":21,"column":38},"end":{"line":25,"column":3}},"line":21},"3":{"name":"(anonymous_3)","decl":{"start":{"line":23,"column":12},"end":{"line":23,"column":13}},"loc":{"start":{"line":23,"column":24},"end":{"line":23,"column":52}},"line":23},"4":{"name":"(anonymous_4)","decl":{"start":{"line":24,"column":13},"end":{"line":24,"column":14}},"loc":{"start":{"line":24,"column":22},"end":{"line":24,"column":31}},"line":24},"5":{"name":"(anonymous_5)","decl":{"start":{"line":27,"column":19},"end":{"line":27,"column":20}},"loc":{"start":{"line":27,"column":39},"end":{"line":31,"column":3}},"line":27},"6":{"name":"(anonymous_6)","decl":{"start":{"line":29,"column":12},"end":{"line":29,"column":13}},"loc":{"start":{"line":29,"column":24},"end":{"line":29,"column":55}},"line":29},"7":{"name":"(anonymous_7)","decl":{"start":{"line":30,"column":13},"end":{"line":30,"column":14}},"loc":{"start":{"line":30,"column":22},"end":{"line":30,"column":31}},"line":30},"8":{"name":"(anonymous_8)","decl":{"start":{"line":33,"column":21},"end":{"line":33,"column":22}},"loc":{"start":{"line":33,"column":41},"end":{"line":37,"column":3}},"line":33},"9":{"name":"(anonymous_9)","decl":{"start":{"line":35,"column":12},"end":{"line":35,"column":13}},"loc":{"start":{"line":35,"column":24},"end":{"line":35,"column":52}},"line":35},"10":{"name":"(anonymous_10)","decl":{"start":{"line":36,"column":13},"end":{"line":36,"column":14}},"loc":{"start":{"line":36,"column":22},"end":{"line":36,"column":31}},"line":36},"11":{"name":"(anonymous_11)","decl":{"start":{"line":39,"column":21},"end":{"line":39,"column":22}},"loc":{"start":{"line":39,"column":41},"end":{"line":43,"column":3}},"line":39},"12":{"name":"(anonymous_12)","decl":{"start":{"line":41,"column":12},"end":{"line":41,"column":13}},"loc":{"start":{"line":41,"column":24},"end":{"line":41,"column":55}},"line":41},"13":{"name":"(anonymous_13)","decl":{"start":{"line":42,"column":13},"end":{"line":42,"column":14}},"loc":{"start":{"line":42,"column":22},"end":{"line":42,"column":31}},"line":42},"14":{"name":"(anonymous_14)","decl":{"start":{"line":45,"column":24},"end":{"line":45,"column":25}},"loc":{"start":{"line":45,"column":44},"end":{"line":49,"column":3}},"line":45},"15":{"name":"(anonymous_15)","decl":{"start":{"line":47,"column":12},"end":{"line":47,"column":13}},"loc":{"start":{"line":47,"column":18},"end":{"line":47,"column":40}},"line":47},"16":{"name":"(anonymous_16)","decl":{"start":{"line":48,"column":13},"end":{"line":48,"column":14}},"loc":{"start":{"line":48,"column":22},"end":{"line":48,"column":31}},"line":48}},"branchMap":{"0":{"loc":{"start":{"line":14,"column":6},"end":{"line":15,"column":84}},"type":"if","locations":[{"start":{"line":14,"column":6},"end":{"line":15,"column":84}},{"start":{"line":14,"column":6},"end":{"line":15,"column":84}}],"line":14}},"s":{"0":6,"1":6,"2":6,"3":6,"4":6,"5":4,"6":4,"7":4,"8":3,"9":1,"10":1,"11":6,"12":1,"13":1,"14":0,"15":6,"16":9,"17":3,"18":0,"19":6,"20":1,"21":1,"22":0,"23":6,"24":1,"25":1,"26":0,"27":6,"28":1,"29":1,"30":0,"31":6},"f":{"0":6,"1":4,"2":1,"3":1,"4":0,"5":9,"6":3,"7":0,"8":1,"9":1,"10":0,"11":1,"12":1,"13":0,"14":1,"15":1,"16":0},"b":{"0":[3,1]},"_coverageSchema":"1a1c01bbd47fc00a2c39e90264f33305004495a9","hash":"2e3211de3a50a8689241bcaebef1064ef1af882d"}
,"/Users/lucianofreitas/Projects/curso-tdd-nodejs/seubarriga/src/routes/transfers.js": {"path":"/Users/lucianofreitas/Projects/curso-tdd-nodejs/seubarriga/src/routes/transfers.js","statementMap":{"0":{"start":{"line":1,"column":16},"end":{"line":1,"column":34}},"1":{"start":{"line":3,"column":0},"end":{"line":33,"column":2}},"2":{"start":{"line":4,"column":17},"end":{"line":4,"column":33}},"3":{"start":{"line":6,"column":2},"end":{"line":10,"column":5}},"4":{"start":{"line":7,"column":4},"end":{"line":9,"column":33}},"5":{"start":{"line":8,"column":24},"end":{"line":8,"column":52}},"6":{"start":{"line":9,"column":22},"end":{"line":9,"column":31}},"7":{"start":{"line":12,"column":2},"end":{"line":18,"column":5}},"8":{"start":{"line":13,"column":21},"end":{"line":13,"column":58}},"9":{"start":{"line":15,"column":4},"end":{"line":17,"column":33}},"10":{"start":{"line":16,"column":24},"end":{"line":16,"column":55}},"11":{"start":{"line":17,"column":22},"end":{"line":17,"column":31}},"12":{"start":{"line":20,"column":2},"end":{"line":24,"column":5}},"13":{"start":{"line":21,"column":4},"end":{"line":23,"column":33}},"14":{"start":{"line":22,"column":24},"end":{"line":22,"column":52}},"15":{"start":{"line":23,"column":22},"end":{"line":23,"column":31}},"16":{"start":{"line":26,"column":2},"end":{"line":30,"column":5}},"17":{"start":{"line":27,"column":4},"end":{"line":29,"column":33}},"18":{"start":{"line":28,"column":18},"end":{"line":28,"column":40}},"19":{"start":{"line":29,"column":22},"end":{"line":29,"column":31}},"20":{"start":{"line":32,"column":2},"end":{"line":32,"column":16}}},"fnMap":{"0":{"name":"(anonymous_0)","decl":{"start":{"line":3,"column":17},"end":{"line":3,"column":18}},"loc":{"start":{"line":3,"column":26},"end":{"line":33,"column":1}},"line":3},"1":{"name":"(anonymous_1)","decl":{"start":{"line":6,"column":18},"end":{"line":6,"column":19}},"loc":{"start":{"line":6,"column":38},"end":{"line":10,"column":3}},"line":6},"2":{"name":"(anonymous_2)","decl":{"start":{"line":8,"column":12},"end":{"line":8,"column":13}},"loc":{"start":{"line":8,"column":24},"end":{"line":8,"column":52}},"line":8},"3":{"name":"(anonymous_3)","decl":{"start":{"line":9,"column":13},"end":{"line":9,"column":14}},"loc":{"start":{"line":9,"column":22},"end":{"line":9,"column":31}},"line":9},"4":{"name":"(anonymous_4)","decl":{"start":{"line":12,"column":19},"end":{"line":12,"column":20}},"loc":{"start":{"line":12,"column":39},"end":{"line":18,"column":3}},"line":12},"5":{"name":"(anonymous_5)","decl":{"start":{"line":16,"column":12},"end":{"line":16,"column":13}},"loc":{"start":{"line":16,"column":24},"end":{"line":16,"column":55}},"line":16},"6":{"name":"(anonymous_6)","decl":{"start":{"line":17,"column":13},"end":{"line":17,"column":14}},"loc":{"start":{"line":17,"column":22},"end":{"line":17,"column":31}},"line":17},"7":{"name":"(anonymous_7)","decl":{"start":{"line":20,"column":21},"end":{"line":20,"column":22}},"loc":{"start":{"line":20,"column":41},"end":{"line":24,"column":3}},"line":20},"8":{"name":"(anonymous_8)","decl":{"start":{"line":22,"column":12},"end":{"line":22,"column":13}},"loc":{"start":{"line":22,"column":24},"end":{"line":22,"column":52}},"line":22},"9":{"name":"(anonymous_9)","decl":{"start":{"line":23,"column":13},"end":{"line":23,"column":14}},"loc":{"start":{"line":23,"column":22},"end":{"line":23,"column":31}},"line":23},"10":{"name":"(anonymous_10)","decl":{"start":{"line":26,"column":24},"end":{"line":26,"column":25}},"loc":{"start":{"line":26,"column":44},"end":{"line":30,"column":3}},"line":26},"11":{"name":"(anonymous_11)","decl":{"start":{"line":28,"column":12},"end":{"line":28,"column":13}},"loc":{"start":{"line":28,"column":18},"end":{"line":28,"column":40}},"line":28},"12":{"name":"(anonymous_12)","decl":{"start":{"line":29,"column":13},"end":{"line":29,"column":14}},"loc":{"start":{"line":29,"column":22},"end":{"line":29,"column":31}},"line":29}},"branchMap":{},"s":{"0":6,"1":6,"2":6,"3":6,"4":1,"5":1,"6":0,"7":6,"8":2,"9":2,"10":2,"11":0,"12":6,"13":1,"14":1,"15":0,"16":6,"17":1,"18":1,"19":0,"20":6},"f":{"0":6,"1":1,"2":1,"3":0,"4":2,"5":2,"6":0,"7":1,"8":1,"9":0,"10":1,"11":1,"12":0},"b":{},"_coverageSchema":"1a1c01bbd47fc00a2c39e90264f33305004495a9","hash":"1bbd69753fdd7074693baac83cef702a43eb433d"}
,"/Users/lucianofreitas/Projects/curso-tdd-nodejs/seubarriga/src/routes/users.js": {"path":"/Users/lucianofreitas/Projects/curso-tdd-nodejs/seubarriga/src/routes/users.js","statementMap":{"0":{"start":{"line":1,"column":16},"end":{"line":1,"column":34}},"1":{"start":{"line":3,"column":0},"end":{"line":28,"column":2}},"2":{"start":{"line":5,"column":17},"end":{"line":5,"column":33}},"3":{"start":{"line":7,"column":2},"end":{"line":15,"column":5}},"4":{"start":{"line":8,"column":4},"end":{"line":14,"column":5}},"5":{"start":{"line":9,"column":21},"end":{"line":9,"column":54}},"6":{"start":{"line":11,"column":6},"end":{"line":11,"column":42}},"7":{"start":{"line":13,"column":6},"end":{"line":13,"column":25}},"8":{"start":{"line":17,"column":2},"end":{"line":25,"column":5}},"9":{"start":{"line":18,"column":4},"end":{"line":24,"column":5}},"10":{"start":{"line":19,"column":21},"end":{"line":19,"column":59}},"11":{"start":{"line":21,"column":6},"end":{"line":21,"column":45}},"12":{"start":{"line":23,"column":6},"end":{"line":23,"column":25}},"13":{"start":{"line":27,"column":2},"end":{"line":27,"column":16}}},"fnMap":{"0":{"name":"(anonymous_0)","decl":{"start":{"line":3,"column":17},"end":{"line":3,"column":18}},"loc":{"start":{"line":3,"column":26},"end":{"line":28,"column":1}},"line":3},"1":{"name":"(anonymous_1)","decl":{"start":{"line":7,"column":18},"end":{"line":7,"column":19}},"loc":{"start":{"line":7,"column":44},"end":{"line":15,"column":3}},"line":7},"2":{"name":"(anonymous_2)","decl":{"start":{"line":17,"column":19},"end":{"line":17,"column":20}},"loc":{"start":{"line":17,"column":45},"end":{"line":25,"column":3}},"line":17}},"branchMap":{},"s":{"0":6,"1":6,"2":6,"3":6,"4":1,"5":1,"6":1,"7":0,"8":6,"9":6,"10":6,"11":2,"12":4,"13":6},"f":{"0":6,"1":1,"2":6},"b":{},"_coverageSchema":"1a1c01bbd47fc00a2c39e90264f33305004495a9","hash":"8c7ac616c1039d57fd30faa3f0206722fa7f2a0f"}
,"/Users/lucianofreitas/Projects/curso-tdd-nodejs/seubarriga/src/seeds/transfer.js": {"path":"/Users/lucianofreitas/Projects/curso-tdd-nodejs/seubarriga/src/seeds/transfer.js","statementMap":{"0":{"start":{"line":2,"column":0},"end":{"line":98,"column":2}},"1":{"start":{"line":3,"column":2},"end":{"line":96,"column":8}},"2":{"start":{"line":4,"column":16},"end":{"line":4,"column":39}},"3":{"start":{"line":5,"column":16},"end":{"line":5,"column":38}},"4":{"start":{"line":6,"column":16},"end":{"line":6,"column":35}},"5":{"start":{"line":7,"column":16},"end":{"line":20,"column":6}},"6":{"start":{"line":21,"column":16},"end":{"line":42,"column":6}},"7":{"start":{"line":43,"column":16},"end":{"line":62,"column":6}},"8":{"start":{"line":63,"column":16},"end":{"line":96,"column":6}}},"fnMap":{"0":{"name":"(anonymous_0)","decl":{"start":{"line":2,"column":15},"end":{"line":2,"column":16}},"loc":{"start":{"line":2,"column":25},"end":{"line":98,"column":1}},"line":2},"1":{"name":"(anonymous_1)","decl":{"start":{"line":4,"column":10},"end":{"line":4,"column":11}},"loc":{"start":{"line":4,"column":16},"end":{"line":4,"column":39}},"line":4},"2":{"name":"(anonymous_2)","decl":{"start":{"line":5,"column":10},"end":{"line":5,"column":11}},"loc":{"start":{"line":5,"column":16},"end":{"line":5,"column":38}},"line":5},"3":{"name":"(anonymous_3)","decl":{"start":{"line":6,"column":10},"end":{"line":6,"column":11}},"loc":{"start":{"line":6,"column":16},"end":{"line":6,"column":35}},"line":6},"4":{"name":"(anonymous_4)","decl":{"start":{"line":7,"column":10},"end":{"line":7,"column":11}},"loc":{"start":{"line":7,"column":16},"end":{"line":20,"column":6}},"line":7},"5":{"name":"(anonymous_5)","decl":{"start":{"line":21,"column":10},"end":{"line":21,"column":11}},"loc":{"start":{"line":21,"column":16},"end":{"line":42,"column":6}},"line":21},"6":{"name":"(anonymous_6)","decl":{"start":{"line":43,"column":10},"end":{"line":43,"column":11}},"loc":{"start":{"line":43,"column":16},"end":{"line":62,"column":6}},"line":43},"7":{"name":"(anonymous_7)","decl":{"start":{"line":63,"column":10},"end":{"line":63,"column":11}},"loc":{"start":{"line":63,"column":16},"end":{"line":96,"column":6}},"line":63}},"branchMap":{},"s":{"0":1,"1":1,"2":1,"3":1,"4":1,"5":1,"6":1,"7":1,"8":1},"f":{"0":1,"1":1,"2":1,"3":1,"4":1,"5":1,"6":1,"7":1},"b":{},"_coverageSchema":"1a1c01bbd47fc00a2c39e90264f33305004495a9","hash":"349f01c50c1503de4a103af87c1c6c218b79c1d5"}
,"/Users/lucianofreitas/Projects/curso-tdd-nodejs/seubarriga/src/services/accounts.js": {"path":"/Users/lucianofreitas/Projects/curso-tdd-nodejs/seubarriga/src/services/accounts.js","statementMap":{"0":{"start":{"line":1,"column":24},"end":{"line":1,"column":60}},"1":{"start":{"line":3,"column":0},"end":{"line":46,"column":2}},"2":{"start":{"line":5,"column":18},"end":{"line":8,"column":3}},"3":{"start":{"line":6,"column":19},"end":{"line":6,"column":74}},"4":{"start":{"line":7,"column":4},"end":{"line":7,"column":18}},"5":{"start":{"line":10,"column":15},"end":{"line":18,"column":3}},"6":{"start":{"line":11,"column":4},"end":{"line":11,"column":83}},"7":{"start":{"line":11,"column":23},"end":{"line":11,"column":83}},"8":{"start":{"line":13,"column":18},"end":{"line":13,"column":81}},"9":{"start":{"line":15,"column":4},"end":{"line":15,"column":78}},"10":{"start":{"line":15,"column":15},"end":{"line":15,"column":78}},"11":{"start":{"line":17,"column":4},"end":{"line":17,"column":51}},"12":{"start":{"line":20,"column":18},"end":{"line":23,"column":3}},"13":{"start":{"line":21,"column":19},"end":{"line":21,"column":66}},"14":{"start":{"line":22,"column":4},"end":{"line":22,"column":18}},"15":{"start":{"line":25,"column":17},"end":{"line":28,"column":3}},"16":{"start":{"line":26,"column":19},"end":{"line":26,"column":78}},"17":{"start":{"line":27,"column":4},"end":{"line":27,"column":18}},"18":{"start":{"line":30,"column":17},"end":{"line":36,"column":3}},"19":{"start":{"line":31,"column":24},"end":{"line":31,"column":79}},"20":{"start":{"line":33,"column":4},"end":{"line":33,"column":90}},"21":{"start":{"line":33,"column":21},"end":{"line":33,"column":90}},"22":{"start":{"line":35,"column":4},"end":{"line":35,"column":49}},"23":{"start":{"line":38,"column":2},"end":{"line":44,"column":4}}},"fnMap":{"0":{"name":"(anonymous_0)","decl":{"start":{"line":3,"column":17},"end":{"line":3,"column":18}},"loc":{"start":{"line":3,"column":26},"end":{"line":46,"column":1}},"line":3},"1":{"name":"(anonymous_1)","decl":{"start":{"line":5,"column":18},"end":{"line":5,"column":19}},"loc":{"start":{"line":5,"column":41},"end":{"line":8,"column":3}},"line":5},"2":{"name":"(anonymous_2)","decl":{"start":{"line":10,"column":15},"end":{"line":10,"column":16}},"loc":{"start":{"line":10,"column":34},"end":{"line":18,"column":3}},"line":10},"3":{"name":"(anonymous_3)","decl":{"start":{"line":20,"column":18},"end":{"line":20,"column":19}},"loc":{"start":{"line":20,"column":41},"end":{"line":23,"column":3}},"line":20},"4":{"name":"(anonymous_4)","decl":{"start":{"line":25,"column":17},"end":{"line":25,"column":18}},"loc":{"start":{"line":25,"column":40},"end":{"line":28,"column":3}},"line":25},"5":{"name":"(anonymous_5)","decl":{"start":{"line":30,"column":17},"end":{"line":30,"column":18}},"loc":{"start":{"line":30,"column":31},"end":{"line":36,"column":3}},"line":30}},"branchMap":{"0":{"loc":{"start":{"line":5,"column":25},"end":{"line":5,"column":36}},"type":"default-arg","locations":[{"start":{"line":5,"column":34},"end":{"line":5,"column":36}}],"line":5},"1":{"loc":{"start":{"line":11,"column":4},"end":{"line":11,"column":83}},"type":"if","locations":[{"start":{"line":11,"column":4},"end":{"line":11,"column":83}},{"start":{"line":11,"column":4},"end":{"line":11,"column":83}}],"line":11},"2":{"loc":{"start":{"line":15,"column":4},"end":{"line":15,"column":78}},"type":"if","locations":[{"start":{"line":15,"column":4},"end":{"line":15,"column":78}},{"start":{"line":15,"column":4},"end":{"line":15,"column":78}}],"line":15},"3":{"loc":{"start":{"line":20,"column":25},"end":{"line":20,"column":36}},"type":"default-arg","locations":[{"start":{"line":20,"column":34},"end":{"line":20,"column":36}}],"line":20},"4":{"loc":{"start":{"line":33,"column":4},"end":{"line":33,"column":90}},"type":"if","locations":[{"start":{"line":33,"column":4},"end":{"line":33,"column":90}},{"start":{"line":33,"column":4},"end":{"line":33,"column":90}}],"line":33}},"s":{"0":6,"1":6,"2":6,"3":10,"4":10,"5":6,"6":3,"7":1,"8":2,"9":2,"10":1,"11":1,"12":6,"13":1,"14":1,"15":6,"16":1,"17":1,"18":6,"19":2,"20":2,"21":1,"22":1,"23":6},"f":{"0":6,"1":10,"2":3,"3":1,"4":1,"5":2},"b":{"0":[0],"1":[1,2],"2":[1,1],"3":[0],"4":[1,1]},"_coverageSchema":"1a1c01bbd47fc00a2c39e90264f33305004495a9","hash":"316a94ac6ee3eb9518e2417f9a5856b8b9e949ae"}
,"/Users/lucianofreitas/Projects/curso-tdd-nodejs/seubarriga/src/services/transactions.js": {"path":"/Users/lucianofreitas/Projects/curso-tdd-nodejs/seubarriga/src/services/transactions.js","statementMap":{"0":{"start":{"line":1,"column":24},"end":{"line":1,"column":60}},"1":{"start":{"line":3,"column":0},"end":{"line":56,"column":2}},"2":{"start":{"line":5,"column":15},"end":{"line":11,"column":3}},"3":{"start":{"line":6,"column":4},"end":{"line":10,"column":16}},"4":{"start":{"line":13,"column":18},"end":{"line":17,"column":3}},"5":{"start":{"line":14,"column":4},"end":{"line":16,"column":15}},"6":{"start":{"line":19,"column":15},"end":{"line":35,"column":3}},"7":{"start":{"line":20,"column":4},"end":{"line":20,"column":99}},"8":{"start":{"line":20,"column":34},"end":{"line":20,"column":99}},"9":{"start":{"line":21,"column":4},"end":{"line":21,"column":91}},"10":{"start":{"line":21,"column":30},"end":{"line":21,"column":91}},"11":{"start":{"line":22,"column":4},"end":{"line":22,"column":87}},"12":{"start":{"line":22,"column":27},"end":{"line":22,"column":87}},"13":{"start":{"line":23,"column":4},"end":{"line":23,"column":90}},"14":{"start":{"line":23,"column":29},"end":{"line":23,"column":90}},"15":{"start":{"line":24,"column":4},"end":{"line":24,"column":87}},"16":{"start":{"line":24,"column":27},"end":{"line":24,"column":87}},"17":{"start":{"line":25,"column":4},"end":{"line":25,"column":108}},"18":{"start":{"line":25,"column":65},"end":{"line":25,"column":108}},"19":{"start":{"line":27,"column":27},"end":{"line":27,"column":45}},"20":{"start":{"line":29,"column":4},"end":{"line":31,"column":5}},"21":{"start":{"line":30,"column":6},"end":{"line":30,"column":35}},"22":{"start":{"line":33,"column":4},"end":{"line":34,"column":35}},"23":{"start":{"line":37,"column":17},"end":{"line":41,"column":3}},"24":{"start":{"line":38,"column":4},"end":{"line":40,"column":32}},"25":{"start":{"line":43,"column":17},"end":{"line":47,"column":3}},"26":{"start":{"line":44,"column":4},"end":{"line":46,"column":13}},"27":{"start":{"line":49,"column":2},"end":{"line":55,"column":4}}},"fnMap":{"0":{"name":"(anonymous_0)","decl":{"start":{"line":3,"column":17},"end":{"line":3,"column":18}},"loc":{"start":{"line":3,"column":26},"end":{"line":56,"column":1}},"line":3},"1":{"name":"(anonymous_1)","decl":{"start":{"line":5,"column":15},"end":{"line":5,"column":16}},"loc":{"start":{"line":5,"column":40},"end":{"line":11,"column":3}},"line":5},"2":{"name":"(anonymous_2)","decl":{"start":{"line":13,"column":18},"end":{"line":13,"column":19}},"loc":{"start":{"line":13,"column":30},"end":{"line":17,"column":3}},"line":13},"3":{"name":"(anonymous_3)","decl":{"start":{"line":19,"column":15},"end":{"line":19,"column":16}},"loc":{"start":{"line":19,"column":32},"end":{"line":35,"column":3}},"line":19},"4":{"name":"(anonymous_4)","decl":{"start":{"line":37,"column":17},"end":{"line":37,"column":18}},"loc":{"start":{"line":37,"column":38},"end":{"line":41,"column":3}},"line":37},"5":{"name":"(anonymous_5)","decl":{"start":{"line":43,"column":17},"end":{"line":43,"column":18}},"loc":{"start":{"line":43,"column":25},"end":{"line":47,"column":3}},"line":43}},"branchMap":{"0":{"loc":{"start":{"line":5,"column":24},"end":{"line":5,"column":35}},"type":"default-arg","locations":[{"start":{"line":5,"column":33},"end":{"line":5,"column":35}}],"line":5},"1":{"loc":{"start":{"line":20,"column":4},"end":{"line":20,"column":99}},"type":"if","locations":[{"start":{"line":20,"column":4},"end":{"line":20,"column":99}},{"start":{"line":20,"column":4},"end":{"line":20,"column":99}}],"line":20},"2":{"loc":{"start":{"line":21,"column":4},"end":{"line":21,"column":91}},"type":"if","locations":[{"start":{"line":21,"column":4},"end":{"line":21,"column":91}},{"start":{"line":21,"column":4},"end":{"line":21,"column":91}}],"line":21},"3":{"loc":{"start":{"line":22,"column":4},"end":{"line":22,"column":87}},"type":"if","locations":[{"start":{"line":22,"column":4},"end":{"line":22,"column":87}},{"start":{"line":22,"column":4},"end":{"line":22,"column":87}}],"line":22},"4":{"loc":{"start":{"line":23,"column":4},"end":{"line":23,"column":90}},"type":"if","locations":[{"start":{"line":23,"column":4},"end":{"line":23,"column":90}},{"start":{"line":23,"column":4},"end":{"line":23,"column":90}}],"line":23},"5":{"loc":{"start":{"line":24,"column":4},"end":{"line":24,"column":87}},"type":"if","locations":[{"start":{"line":24,"column":4},"end":{"line":24,"column":87}},{"start":{"line":24,"column":4},"end":{"line":24,"column":87}}],"line":24},"6":{"loc":{"start":{"line":25,"column":4},"end":{"line":25,"column":108}},"type":"if","locations":[{"start":{"line":25,"column":4},"end":{"line":25,"column":108}},{"start":{"line":25,"column":4},"end":{"line":25,"column":108}}],"line":25},"7":{"loc":{"start":{"line":25,"column":10},"end":{"line":25,"column":62}},"type":"binary-expr","locations":[{"start":{"line":25,"column":10},"end":{"line":25,"column":34}},{"start":{"line":25,"column":38},"end":{"line":25,"column":62}}],"line":25},"8":{"loc":{"start":{"line":29,"column":4},"end":{"line":31,"column":5}},"type":"if","locations":[{"start":{"line":29,"column":4},"end":{"line":31,"column":5}},{"start":{"line":29,"column":4},"end":{"line":31,"column":5}}],"line":29},"9":{"loc":{"start":{"line":29,"column":8},"end":{"line":29,"column":118}},"type":"binary-expr","locations":[{"start":{"line":29,"column":9},"end":{"line":29,"column":33}},{"start":{"line":29,"column":37},"end":{"line":29,"column":60}},{"start":{"line":29,"column":66},"end":{"line":29,"column":90}},{"start":{"line":29,"column":94},"end":{"line":29,"column":117}}],"line":29}},"s":{"0":6,"1":6,"2":6,"3":5,"4":6,"5":3,"6":6,"7":9,"8":1,"9":8,"10":1,"11":7,"12":1,"13":6,"14":1,"15":5,"16":1,"17":4,"18":1,"19":3,"20":3,"21":2,"22":3,"23":6,"24":1,"25":6,"26":1,"27":6},"f":{"0":6,"1":5,"2":3,"3":9,"4":1,"5":1},"b":{"0":[1],"1":[1,8],"2":[1,7],"3":[1,6],"4":[1,5],"5":[1,4],"6":[1,3],"7":[4,2],"8":[2,1],"9":[3,2,2,1]},"_coverageSchema":"1a1c01bbd47fc00a2c39e90264f33305004495a9","hash":"927e80d22d2e3cb37b5c88fd69deddd61db47c60"}
,"/Users/lucianofreitas/Projects/curso-tdd-nodejs/seubarriga/src/services/transfers.js": {"path":"/Users/lucianofreitas/Projects/curso-tdd-nodejs/seubarriga/src/services/transfers.js","statementMap":{"0":{"start":{"line":1,"column":0},"end":{"line":52,"column":2}},"1":{"start":{"line":2,"column":15},"end":{"line":6,"column":3}},"2":{"start":{"line":3,"column":4},"end":{"line":5,"column":16}},"3":{"start":{"line":8,"column":18},"end":{"line":12,"column":3}},"4":{"start":{"line":9,"column":4},"end":{"line":11,"column":15}},"5":{"start":{"line":14,"column":15},"end":{"line":39,"column":3}},"6":{"start":{"line":15,"column":19},"end":{"line":15,"column":66}},"7":{"start":{"line":16,"column":23},"end":{"line":16,"column":35}},"8":{"start":{"line":18,"column":25},"end":{"line":35,"column":5}},"9":{"start":{"line":37,"column":4},"end":{"line":37,"column":54}},"10":{"start":{"line":38,"column":4},"end":{"line":38,"column":18}},"11":{"start":{"line":41,"column":17},"end":{"line":44,"column":3}},"12":{"start":{"line":42,"column":4},"end":{"line":42,"column":66}},"13":{"start":{"line":43,"column":4},"end":{"line":43,"column":51}},"14":{"start":{"line":46,"column":2},"end":{"line":51,"column":4}}},"fnMap":{"0":{"name":"(anonymous_0)","decl":{"start":{"line":1,"column":17},"end":{"line":1,"column":18}},"loc":{"start":{"line":1,"column":26},"end":{"line":52,"column":1}},"line":1},"1":{"name":"(anonymous_1)","decl":{"start":{"line":2,"column":15},"end":{"line":2,"column":16}},"loc":{"start":{"line":2,"column":32},"end":{"line":6,"column":3}},"line":2},"2":{"name":"(anonymous_2)","decl":{"start":{"line":8,"column":18},"end":{"line":8,"column":19}},"loc":{"start":{"line":8,"column":35},"end":{"line":12,"column":3}},"line":8},"3":{"name":"(anonymous_3)","decl":{"start":{"line":14,"column":15},"end":{"line":14,"column":16}},"loc":{"start":{"line":14,"column":35},"end":{"line":39,"column":3}},"line":14},"4":{"name":"(anonymous_4)","decl":{"start":{"line":41,"column":17},"end":{"line":41,"column":18}},"loc":{"start":{"line":41,"column":31},"end":{"line":44,"column":3}},"line":41}},"branchMap":{"0":{"loc":{"start":{"line":2,"column":16},"end":{"line":2,"column":27}},"type":"default-arg","locations":[{"start":{"line":2,"column":25},"end":{"line":2,"column":27}}],"line":2},"1":{"loc":{"start":{"line":8,"column":19},"end":{"line":8,"column":30}},"type":"default-arg","locations":[{"start":{"line":8,"column":28},"end":{"line":8,"column":30}}],"line":8}},"s":{"0":6,"1":6,"2":1,"3":6,"4":1,"5":6,"6":2,"7":2,"8":2,"9":2,"10":2,"11":6,"12":1,"13":1,"14":6},"f":{"0":6,"1":1,"2":1,"3":2,"4":1},"b":{"0":[0],"1":[0]},"_coverageSchema":"1a1c01bbd47fc00a2c39e90264f33305004495a9","hash":"ad29ca9e295438401cbe89458e89e97ad1927433"}
,"/Users/lucianofreitas/Projects/curso-tdd-nodejs/seubarriga/src/services/user.js": {"path":"/Users/lucianofreitas/Projects/curso-tdd-nodejs/seubarriga/src/services/user.js","statementMap":{"0":{"start":{"line":1,"column":15},"end":{"line":1,"column":39}},"1":{"start":{"line":2,"column":24},"end":{"line":2,"column":60}},"2":{"start":{"line":4,"column":0},"end":{"line":45,"column":2}},"3":{"start":{"line":5,"column":18},"end":{"line":8,"column":3}},"4":{"start":{"line":6,"column":19},"end":{"line":6,"column":85}},"5":{"start":{"line":7,"column":4},"end":{"line":7,"column":18}},"6":{"start":{"line":10,"column":18},"end":{"line":16,"column":3}},"7":{"start":{"line":11,"column":19},"end":{"line":11,"column":74}},"8":{"start":{"line":13,"column":4},"end":{"line":13,"column":58}},"9":{"start":{"line":13,"column":35},"end":{"line":13,"column":58}},"10":{"start":{"line":15,"column":4},"end":{"line":15,"column":18}},"11":{"start":{"line":18,"column":26},"end":{"line":21,"column":3}},"12":{"start":{"line":19,"column":17},"end":{"line":19,"column":39}},"13":{"start":{"line":20,"column":4},"end":{"line":20,"column":43}},"14":{"start":{"line":23,"column":15},"end":{"line":37,"column":3}},"15":{"start":{"line":24,"column":4},"end":{"line":24,"column":80}},"16":{"start":{"line":24,"column":20},"end":{"line":24,"column":80}},"17":{"start":{"line":25,"column":4},"end":{"line":25,"column":81}},"18":{"start":{"line":25,"column":20},"end":{"line":25,"column":81}},"19":{"start":{"line":26,"column":4},"end":{"line":26,"column":85}},"20":{"start":{"line":26,"column":24},"end":{"line":26,"column":85}},"21":{"start":{"line":28,"column":19},"end":{"line":28,"column":53}},"22":{"start":{"line":30,"column":4},"end":{"line":30,"column":81}},"23":{"start":{"line":30,"column":16},"end":{"line":30,"column":81}},"24":{"start":{"line":32,"column":20},"end":{"line":32,"column":31}},"25":{"start":{"line":33,"column":4},"end":{"line":33,"column":54}},"26":{"start":{"line":35,"column":19},"end":{"line":35,"column":80}},"27":{"start":{"line":36,"column":4},"end":{"line":36,"column":18}},"28":{"start":{"line":39,"column":2},"end":{"line":43,"column":4}}},"fnMap":{"0":{"name":"(anonymous_0)","decl":{"start":{"line":4,"column":17},"end":{"line":4,"column":18}},"loc":{"start":{"line":4,"column":26},"end":{"line":45,"column":1}},"line":4},"1":{"name":"(anonymous_1)","decl":{"start":{"line":5,"column":18},"end":{"line":5,"column":19}},"loc":{"start":{"line":5,"column":41},"end":{"line":8,"column":3}},"line":5},"2":{"name":"(anonymous_2)","decl":{"start":{"line":10,"column":18},"end":{"line":10,"column":19}},"loc":{"start":{"line":10,"column":65},"end":{"line":16,"column":3}},"line":10},"3":{"name":"(anonymous_3)","decl":{"start":{"line":18,"column":26},"end":{"line":18,"column":27}},"loc":{"start":{"line":18,"column":40},"end":{"line":21,"column":3}},"line":18},"4":{"name":"(anonymous_4)","decl":{"start":{"line":23,"column":15},"end":{"line":23,"column":16}},"loc":{"start":{"line":23,"column":31},"end":{"line":37,"column":3}},"line":23}},"branchMap":{"0":{"loc":{"start":{"line":5,"column":25},"end":{"line":5,"column":36}},"type":"default-arg","locations":[{"start":{"line":5,"column":34},"end":{"line":5,"column":36}}],"line":5},"1":{"loc":{"start":{"line":10,"column":25},"end":{"line":10,"column":36}},"type":"default-arg","locations":[{"start":{"line":10,"column":34},"end":{"line":10,"column":36}}],"line":10},"2":{"loc":{"start":{"line":10,"column":38},"end":{"line":10,"column":60}},"type":"default-arg","locations":[{"start":{"line":10,"column":55},"end":{"line":10,"column":60}}],"line":10},"3":{"loc":{"start":{"line":13,"column":4},"end":{"line":13,"column":58}},"type":"if","locations":[{"start":{"line":13,"column":4},"end":{"line":13,"column":58}},{"start":{"line":13,"column":4},"end":{"line":13,"column":58}}],"line":13},"4":{"loc":{"start":{"line":13,"column":8},"end":{"line":13,"column":33}},"type":"binary-expr","locations":[{"start":{"line":13,"column":8},"end":{"line":13,"column":14}},{"start":{"line":13,"column":18},"end":{"line":13,"column":33}}],"line":13},"5":{"loc":{"start":{"line":24,"column":4},"end":{"line":24,"column":80}},"type":"if","locations":[{"start":{"line":24,"column":4},"end":{"line":24,"column":80}},{"start":{"line":24,"column":4},"end":{"line":24,"column":80}}],"line":24},"6":{"loc":{"start":{"line":25,"column":4},"end":{"line":25,"column":81}},"type":"if","locations":[{"start":{"line":25,"column":4},"end":{"line":25,"column":81}},{"start":{"line":25,"column":4},"end":{"line":25,"column":81}}],"line":25},"7":{"loc":{"start":{"line":26,"column":4},"end":{"line":26,"column":85}},"type":"if","locations":[{"start":{"line":26,"column":4},"end":{"line":26,"column":85}},{"start":{"line":26,"column":4},"end":{"line":26,"column":85}}],"line":26},"8":{"loc":{"start":{"line":30,"column":4},"end":{"line":30,"column":81}},"type":"if","locations":[{"start":{"line":30,"column":4},"end":{"line":30,"column":81}},{"start":{"line":30,"column":4},"end":{"line":30,"column":81}}],"line":30}},"s":{"0":6,"1":6,"2":6,"3":6,"4":1,"5":1,"6":6,"7":51,"8":51,"9":38,"10":51,"11":6,"12":9,"13":9,"14":6,"15":13,"16":1,"17":12,"18":1,"19":11,"20":1,"21":10,"22":10,"23":1,"24":9,"25":9,"26":9,"27":9,"28":6},"f":{"0":6,"1":1,"2":51,"3":9,"4":13},"b":{"0":[1],"1":[0],"2":[47],"3":[38,13],"4":[51,41],"5":[1,12],"6":[1,11],"7":[1,10],"8":[1,9]},"_coverageSchema":"1a1c01bbd47fc00a2c39e90264f33305004495a9","hash":"e7300bfd9a95526fc8a4a0da0d4f5aaa4625497b"}
}
