TN:
SF:knexfile.js
FNF:0
FNH:0
DA:1,6
LF:1
LH:1
BRF:0
BRH:0
end_of_record
TN:
SF:src/app.js
FN:17,(anonymous_0)
FN:19,(anonymous_1)
FN:23,(anonymous_2)
FNF:3
FNH:2
FNDA:1,(anonymous_0)
FNDA:0,(anonymous_1)
FNDA:19,(anonymous_2)
DA:1,6
DA:2,6
DA:3,6
DA:4,6
DA:7,6
DA:9,6
DA:17,6
DA:19,6
DA:23,6
DA:24,19
DA:26,19
DA:27,19
DA:28,15
DA:30,4
DA:38,6
LF:15
LH:15
BRDA:26,0,0,15
BRDA:26,0,1,4
BRDA:27,1,0,4
BRDA:27,1,1,15
BRF:4
BRH:4
end_of_record
TN:
SF:src/config/middlewares.js
FN:3,(anonymous_0)
FNF:1
FNH:1
FNDA:6,(anonymous_0)
DA:1,6
DA:3,6
DA:4,6
LF:3
LH:3
BRF:0
BRH:0
end_of_record
TN:
SF:src/config/passport.js
FN:8,(anonymous_0)
FN:15,(anonymous_1)
FN:17,(anonymous_2)
FN:24,(anonymous_3)
FN:30,(anonymous_4)
FNF:5
FNH:4
FNDA:6,(anonymous_0)
FNDA:37,(anonymous_1)
FNDA:37,(anonymous_2)
FNDA:0,(anonymous_3)
FNDA:6,(anonymous_4)
DA:1,6
DA:2,6
DA:4,6
DA:6,6
DA:8,6
DA:10,6
DA:15,6
DA:16,37
DA:18,37
DA:19,37
DA:20,37
DA:23,0
DA:24,0
DA:27,6
DA:29,6
DA:30,6
LF:16
LH:14
BRDA:18,0,0,37
BRDA:18,0,1,0
BRF:2
BRH:1
end_of_record
TN:
SF:src/config/router.js
FN:3,(anonymous_0)
FNF:1
FNH:1
FNDA:6,(anonymous_0)
DA:1,6
DA:3,6
DA:4,6
DA:6,6
DA:8,6
DA:9,6
DA:10,6
DA:11,6
DA:13,6
LF:9
LH:9
BRF:0
BRH:0
end_of_record
TN:
SF:src/errors/UndueResourceError.js
FN:1,UndueResourceError
FNF:1
FNH:1
FNDA:4,UndueResourceError
DA:1,6
DA:2,4
DA:3,4
LF:3
LH:3
BRDA:1,0,0,0
BRF:1
BRH:0
end_of_record
TN:
SF:src/errors/ValidationError.js
FN:1,ValidationError
FNF:1
FNH:1
FNDA:15,ValidationError
DA:1,6
DA:2,15
DA:3,15
LF:3
LH:3
BRF:0
BRH:0
end_of_record
TN:
SF:src/migrations/20200505121220_create_users.js
FN:2,(anonymous_0)
FN:3,(anonymous_1)
FN:11,(anonymous_2)
FNF:3
FNH:3
FNDA:1,(anonymous_0)
FNDA:1,(anonymous_1)
FNDA:1,(anonymous_2)
DA:2,1
DA:3,1
DA:4,1
DA:5,1
DA:6,1
DA:7,1
DA:11,1
DA:12,1
LF:8
LH:8
BRF:0
BRH:0
end_of_record
TN:
SF:src/migrations/20200506104141_create_accounts.js
FN:2,(anonymous_0)
FN:3,(anonymous_1)
FN:13,(anonymous_2)
FNF:3
FNH:3
FNDA:1,(anonymous_0)
FNDA:1,(anonymous_1)
FNDA:1,(anonymous_2)
DA:2,1
DA:3,1
DA:4,1
DA:5,1
DA:6,1
DA:13,1
DA:14,1
LF:7
LH:7
BRF:0
BRH:0
end_of_record
TN:
SF:src/migrations/20200511203136_create_table_transactions.js
FN:2,(anonymous_0)
FN:3,(anonymous_1)
FN:17,(anonymous_2)
FNF:3
FNH:3
FNDA:1,(anonymous_0)
FNDA:1,(anonymous_1)
FNDA:1,(anonymous_2)
DA:2,1
DA:3,1
DA:4,1
DA:5,1
DA:6,1
DA:7,1
DA:8,1
DA:9,1
DA:10,1
DA:17,1
DA:18,1
LF:11
LH:11
BRF:0
BRH:0
end_of_record
TN:
SF:src/migrations/20200524115243_create_table_transfers.js
FN:2,(anonymous_0)
FN:4,(anonymous_1)
FN:22,(anonymous_2)
FN:30,(anonymous_3)
FN:32,(anonymous_4)
FNF:5
FNH:5
FNDA:1,(anonymous_0)
FNDA:1,(anonymous_1)
FNDA:1,(anonymous_2)
FNDA:1,(anonymous_3)
FNDA:1,(anonymous_4)
DA:2,1
DA:3,1
DA:5,1
DA:6,1
DA:7,1
DA:8,1
DA:9,1
DA:13,1
DA:17,1
DA:23,1
DA:30,1
DA:31,1
DA:33,1
LF:13
LH:13
BRF:0
BRH:0
end_of_record
TN:
SF:src/routes/accounts.js
FN:5,(anonymous_0)
FN:10,(anonymous_1)
FN:21,(anonymous_2)
FN:31,(anonymous_3)
FN:41,(anonymous_4)
FN:53,(anonymous_5)
FN:63,(anonymous_6)
FNF:7
FNH:7
FNDA:6,(anonymous_0)
FNDA:7,(anonymous_1)
FNDA:3,(anonymous_2)
FNDA:1,(anonymous_3)
FNDA:1,(anonymous_4)
FNDA:1,(anonymous_5)
FNDA:2,(anonymous_6)
DA:1,6
DA:3,6
DA:5,6
DA:7,6
DA:10,6
DA:11,7
DA:12,7
DA:14,7
DA:15,4
DA:17,3
DA:21,6
DA:22,3
DA:23,3
DA:25,1
DA:27,2
DA:31,6
DA:32,1
DA:33,1
DA:35,1
DA:37,0
DA:41,6
DA:42,1
DA:43,1
DA:45,1
DA:47,1
DA:49,0
DA:53,6
DA:54,1
DA:55,1
DA:57,1
DA:59,0
DA:63,6
DA:64,2
DA:65,2
DA:67,1
DA:69,1
DA:73,6
LF:37
LH:34
BRDA:14,0,0,3
BRDA:14,0,1,4
BRDA:45,1,0,0
BRDA:45,1,1,1
BRF:4
BRH:3
end_of_record
TN:
SF:src/routes/auth.js
FN:8,(anonymous_0)
FN:11,(anonymous_1)
FN:31,(anonymous_2)
FNF:3
FNH:3
FNDA:6,(anonymous_0)
FNDA:3,(anonymous_1)
FNDA:1,(anonymous_2)
DA:1,6
DA:2,6
DA:3,6
DA:4,6
DA:6,6
DA:8,6
DA:9,6
DA:11,6
DA:12,3
DA:13,3
DA:15,3
DA:17,1
DA:23,1
DA:25,1
DA:27,2
DA:31,6
DA:32,1
DA:33,1
DA:35,1
DA:37,0
DA:41,6
LF:21
LH:20
BRDA:15,0,0,2
BRDA:15,0,1,1
BRDA:15,1,0,3
BRDA:15,1,1,2
BRF:4
BRH:4
end_of_record
TN:
SF:src/routes/transactions.js
FN:5,(anonymous_0)
FN:10,(anonymous_1)
FN:21,(anonymous_2)
FN:23,(anonymous_3)
FN:24,(anonymous_4)
FN:27,(anonymous_5)
FN:29,(anonymous_6)
FN:30,(anonymous_7)
FN:33,(anonymous_8)
FN:35,(anonymous_9)
FN:36,(anonymous_10)
FN:39,(anonymous_11)
FN:41,(anonymous_12)
FN:42,(anonymous_13)
FN:45,(anonymous_14)
FN:47,(anonymous_15)
FN:48,(anonymous_16)
FNF:17
FNH:12
FNDA:6,(anonymous_0)
FNDA:4,(anonymous_1)
FNDA:1,(anonymous_2)
FNDA:1,(anonymous_3)
FNDA:0,(anonymous_4)
FNDA:9,(anonymous_5)
FNDA:3,(anonymous_6)
FNDA:0,(anonymous_7)
FNDA:1,(anonymous_8)
FNDA:1,(anonymous_9)
FNDA:0,(anonymous_10)
FNDA:1,(anonymous_11)
FNDA:1,(anonymous_12)
FNDA:0,(anonymous_13)
FNDA:1,(anonymous_14)
FNDA:1,(anonymous_15)
FNDA:0,(anonymous_16)
DA:1,6
DA:3,6
DA:5,6
DA:7,6
DA:10,6
DA:11,4
DA:12,4
DA:14,4
DA:15,1
DA:17,1
DA:21,6
DA:22,1
DA:23,1
DA:24,0
DA:27,6
DA:28,9
DA:29,3
DA:30,0
DA:33,6
DA:34,1
DA:35,1
DA:36,0
DA:39,6
DA:40,1
DA:41,1
DA:42,0
DA:45,6
DA:46,1
DA:47,1
DA:48,0
DA:51,6
LF:31
LH:26
BRDA:14,0,0,3
BRDA:14,0,1,1
BRF:2
BRH:2
end_of_record
TN:
SF:src/routes/transfers.js
FN:3,(anonymous_0)
FN:6,(anonymous_1)
FN:8,(anonymous_2)
FN:9,(anonymous_3)
FN:12,(anonymous_4)
FN:16,(anonymous_5)
FN:17,(anonymous_6)
FN:20,(anonymous_7)
FN:22,(anonymous_8)
FN:23,(anonymous_9)
FN:26,(anonymous_10)
FN:28,(anonymous_11)
FN:29,(anonymous_12)
FNF:13
FNH:9
FNDA:6,(anonymous_0)
FNDA:1,(anonymous_1)
FNDA:1,(anonymous_2)
FNDA:0,(anonymous_3)
FNDA:2,(anonymous_4)
FNDA:2,(anonymous_5)
FNDA:0,(anonymous_6)
FNDA:1,(anonymous_7)
FNDA:1,(anonymous_8)
FNDA:0,(anonymous_9)
FNDA:1,(anonymous_10)
FNDA:1,(anonymous_11)
FNDA:0,(anonymous_12)
DA:1,6
DA:3,6
DA:4,6
DA:6,6
DA:7,1
DA:8,1
DA:9,0
DA:12,6
DA:13,2
DA:15,2
DA:16,2
DA:17,0
DA:20,6
DA:21,1
DA:22,1
DA:23,0
DA:26,6
DA:27,1
DA:28,1
DA:29,0
DA:32,6
LF:21
LH:17
BRF:0
BRH:0
end_of_record
TN:
SF:src/routes/users.js
FN:3,(anonymous_0)
FN:7,(anonymous_1)
FN:17,(anonymous_2)
FNF:3
FNH:3
FNDA:6,(anonymous_0)
FNDA:1,(anonymous_1)
FNDA:6,(anonymous_2)
DA:1,6
DA:3,6
DA:5,6
DA:7,6
DA:8,1
DA:9,1
DA:11,1
DA:13,0
DA:17,6
DA:18,6
DA:19,6
DA:21,2
DA:23,4
DA:27,6
LF:14
LH:13
BRF:0
BRH:0
end_of_record
TN:
SF:src/seeds/transfer.js
FN:2,(anonymous_0)
FN:4,(anonymous_1)
FN:5,(anonymous_2)
FN:6,(anonymous_3)
FN:7,(anonymous_4)
FN:21,(anonymous_5)
FN:43,(anonymous_6)
FN:63,(anonymous_7)
FNF:8
FNH:8
FNDA:1,(anonymous_0)
FNDA:1,(anonymous_1)
FNDA:1,(anonymous_2)
FNDA:1,(anonymous_3)
FNDA:1,(anonymous_4)
FNDA:1,(anonymous_5)
FNDA:1,(anonymous_6)
FNDA:1,(anonymous_7)
DA:2,1
DA:3,1
DA:4,1
DA:5,1
DA:6,1
DA:7,1
DA:21,1
DA:43,1
DA:63,1
LF:9
LH:9
BRF:0
BRH:0
end_of_record
TN:
SF:src/services/accounts.js
FN:3,(anonymous_0)
FN:5,(anonymous_1)
FN:10,(anonymous_2)
FN:20,(anonymous_3)
FN:25,(anonymous_4)
FN:30,(anonymous_5)
FNF:6
FNH:6
FNDA:6,(anonymous_0)
FNDA:10,(anonymous_1)
FNDA:3,(anonymous_2)
FNDA:1,(anonymous_3)
FNDA:1,(anonymous_4)
FNDA:2,(anonymous_5)
DA:1,6
DA:3,6
DA:5,6
DA:6,10
DA:7,10
DA:10,6
DA:11,3
DA:13,2
DA:15,2
DA:17,1
DA:20,6
DA:21,1
DA:22,1
DA:25,6
DA:26,1
DA:27,1
DA:30,6
DA:31,2
DA:33,2
DA:35,1
DA:38,6
LF:21
LH:21
BRDA:5,0,0,0
BRDA:11,1,0,1
BRDA:11,1,1,2
BRDA:15,2,0,1
BRDA:15,2,1,1
BRDA:20,3,0,0
BRDA:33,4,0,1
BRDA:33,4,1,1
BRF:8
BRH:6
end_of_record
TN:
SF:src/services/transactions.js
FN:3,(anonymous_0)
FN:5,(anonymous_1)
FN:13,(anonymous_2)
FN:19,(anonymous_3)
FN:37,(anonymous_4)
FN:43,(anonymous_5)
FNF:6
FNH:6
FNDA:6,(anonymous_0)
FNDA:5,(anonymous_1)
FNDA:3,(anonymous_2)
FNDA:9,(anonymous_3)
FNDA:1,(anonymous_4)
FNDA:1,(anonymous_5)
DA:1,6
DA:3,6
DA:5,6
DA:6,5
DA:13,6
DA:14,3
DA:19,6
DA:20,9
DA:21,8
DA:22,7
DA:23,6
DA:24,5
DA:25,4
DA:27,3
DA:29,3
DA:30,2
DA:33,3
DA:37,6
DA:38,1
DA:43,6
DA:44,1
DA:49,6
LF:22
LH:22
BRDA:5,0,0,1
BRDA:20,1,0,1
BRDA:20,1,1,8
BRDA:21,2,0,1
BRDA:21,2,1,7
BRDA:22,3,0,1
BRDA:22,3,1,6
BRDA:23,4,0,1
BRDA:23,4,1,5
BRDA:24,5,0,1
BRDA:24,5,1,4
BRDA:25,6,0,1
BRDA:25,6,1,3
BRDA:25,7,0,4
BRDA:25,7,1,2
BRDA:29,8,0,2
BRDA:29,8,1,1
BRDA:29,9,0,3
BRDA:29,9,1,2
BRDA:29,9,2,2
BRDA:29,9,3,1
BRF:21
BRH:21
end_of_record
TN:
SF:src/services/transfers.js
FN:1,(anonymous_0)
FN:2,(anonymous_1)
FN:8,(anonymous_2)
FN:14,(anonymous_3)
FN:41,(anonymous_4)
FNF:5
FNH:5
FNDA:6,(anonymous_0)
FNDA:1,(anonymous_1)
FNDA:1,(anonymous_2)
FNDA:2,(anonymous_3)
FNDA:1,(anonymous_4)
DA:1,6
DA:2,6
DA:3,1
DA:8,6
DA:9,1
DA:14,6
DA:15,2
DA:16,2
DA:18,2
DA:37,2
DA:38,2
DA:41,6
DA:42,1
DA:43,1
DA:46,6
LF:15
LH:15
BRDA:2,0,0,0
BRDA:8,1,0,0
BRF:2
BRH:0
end_of_record
TN:
SF:src/services/user.js
FN:4,(anonymous_0)
FN:5,(anonymous_1)
FN:10,(anonymous_2)
FN:18,(anonymous_3)
FN:23,(anonymous_4)
FNF:5
FNH:5
FNDA:6,(anonymous_0)
FNDA:1,(anonymous_1)
FNDA:51,(anonymous_2)
FNDA:9,(anonymous_3)
FNDA:13,(anonymous_4)
DA:1,6
DA:2,6
DA:4,6
DA:5,6
DA:6,1
DA:7,1
DA:10,6
DA:11,51
DA:13,51
DA:15,51
DA:18,6
DA:19,9
DA:20,9
DA:23,6
DA:24,13
DA:25,12
DA:26,11
DA:28,10
DA:30,10
DA:32,9
DA:33,9
DA:35,9
DA:36,9
DA:39,6
LF:24
LH:24
BRDA:5,0,0,1
BRDA:10,1,0,0
BRDA:10,2,0,47
BRDA:13,3,0,38
BRDA:13,3,1,13
BRDA:13,4,0,51
BRDA:13,4,1,41
BRDA:24,5,0,1
BRDA:24,5,1,12
BRDA:25,6,0,1
BRDA:25,6,1,11
BRDA:26,7,0,1
BRDA:26,7,1,10
BRDA:30,8,0,1
BRDA:30,8,1,9
BRF:15
BRH:14
end_of_record
